{"C:\\Users\\DELL\\Desktop\\node\\app.js": {"path":"C:\\Users\\DELL\\Desktop\\node\\app.js","statementMap":{"0":{"start":{"line":1,"column":0},"end":{"line":1,"column":27}},"1":{"start":{"line":4,"column":0},"end":{"line":4,"column":38}},"2":{"start":{"line":6,"column":15},"end":{"line":6,"column":32}},"3":{"start":{"line":7,"column":16},"end":{"line":7,"column":34}},"4":{"start":{"line":8,"column":12},"end":{"line":8,"column":21}},"5":{"start":{"line":10,"column":0},"end":{"line":10,"column":24}},"6":{"start":{"line":12,"column":14},"end":{"line":12,"column":39}},"7":{"start":{"line":13,"column":17},"end":{"line":13,"column":45}},"8":{"start":{"line":14,"column":17},"end":{"line":14,"column":45}},"9":{"start":{"line":15,"column":16},"end":{"line":15,"column":43}},"10":{"start":{"line":16,"column":14},"end":{"line":16,"column":39}},"11":{"start":{"line":17,"column":12},"end":{"line":17,"column":35}},"12":{"start":{"line":18,"column":14},"end":{"line":18,"column":39}},"13":{"start":{"line":19,"column":16},"end":{"line":19,"column":43}},"14":{"start":{"line":20,"column":21},"end":{"line":20,"column":53}},"15":{"start":{"line":21,"column":12},"end":{"line":21,"column":35}},"16":{"start":{"line":22,"column":16},"end":{"line":22,"column":43}},"17":{"start":{"line":23,"column":21},"end":{"line":23,"column":53}},"18":{"start":{"line":24,"column":17},"end":{"line":24,"column":45}},"19":{"start":{"line":26,"column":0},"end":{"line":26,"column":23}},"20":{"start":{"line":28,"column":0},"end":{"line":28,"column":15}},"21":{"start":{"line":29,"column":0},"end":{"line":29,"column":18}},"22":{"start":{"line":30,"column":0},"end":{"line":30,"column":18}},"23":{"start":{"line":31,"column":0},"end":{"line":31,"column":17}},"24":{"start":{"line":32,"column":0},"end":{"line":32,"column":15}},"25":{"start":{"line":33,"column":0},"end":{"line":33,"column":13}},"26":{"start":{"line":34,"column":0},"end":{"line":34,"column":15}},"27":{"start":{"line":35,"column":0},"end":{"line":35,"column":17}},"28":{"start":{"line":36,"column":0},"end":{"line":36,"column":22}},"29":{"start":{"line":37,"column":0},"end":{"line":37,"column":13}},"30":{"start":{"line":38,"column":0},"end":{"line":38,"column":17}},"31":{"start":{"line":39,"column":0},"end":{"line":39,"column":22}},"32":{"start":{"line":40,"column":0},"end":{"line":40,"column":18}},"33":{"start":{"line":42,"column":0},"end":{"line":62,"column":3}},"34":{"start":{"line":43,"column":2},"end":{"line":61,"column":5}},"35":{"start":{"line":64,"column":0},"end":{"line":64,"column":21}}},"fnMap":{"0":{"name":"(anonymous_0)","decl":{"start":{"line":42,"column":13},"end":{"line":42,"column":14}},"loc":{"start":{"line":42,"column":27},"end":{"line":62,"column":1}},"line":42}},"branchMap":{},"s":{"0":1,"1":1,"2":1,"3":1,"4":1,"5":1,"6":1,"7":1,"8":1,"9":1,"10":1,"11":1,"12":1,"13":1,"14":1,"15":1,"16":1,"17":1,"18":1,"19":1,"20":1,"21":1,"22":1,"23":1,"24":1,"25":1,"26":1,"27":1,"28":1,"29":1,"30":1,"31":1,"32":1,"33":1,"34":0,"35":1},"f":{"0":0},"b":{},"_coverageSchema":"1a1c01bbd47fc00a2c39e90264f33305004495a9","hash":"83f8b57cf046574c9c6cd933fbe94b997c25dfd7"}
,"C:\\Users\\DELL\\Desktop\\node\\jest_config\\Tokens.js": {"path":"C:\\Users\\DELL\\Desktop\\node\\jest_config\\Tokens.js","statementMap":{"0":{"start":{"line":1,"column":0},"end":{"line":5,"column":2}},"1":{"start":{"line":7,"column":0},"end":{"line":7,"column":23}}},"fnMap":{},"branchMap":{},"s":{"0":1,"1":1},"f":{},"b":{},"_coverageSchema":"1a1c01bbd47fc00a2c39e90264f33305004495a9","hash":"f29c98f2bbdaea5bb7f1d8db7c7d9f2fa66daf5e"}
,"C:\\Users\\DELL\\Desktop\\node\\jest_config\\jest_connect.js": {"path":"C:\\Users\\DELL\\Desktop\\node\\jest_config\\jest_connect.js","statementMap":{"0":{"start":{"line":1,"column":17},"end":{"line":1,"column":36}},"1":{"start":{"line":3,"column":0},"end":{"line":3,"column":35}},"2":{"start":{"line":6,"column":0},"end":{"line":10,"column":3}},"3":{"start":{"line":7,"column":2},"end":{"line":9,"column":4}},"4":{"start":{"line":13,"column":0},"end":{"line":15,"column":3}},"5":{"start":{"line":14,"column":2},"end":{"line":14,"column":36}}},"fnMap":{"0":{"name":"(anonymous_0)","decl":{"start":{"line":6,"column":10},"end":{"line":6,"column":11}},"loc":{"start":{"line":6,"column":22},"end":{"line":10,"column":1}},"line":6},"1":{"name":"(anonymous_1)","decl":{"start":{"line":13,"column":9},"end":{"line":13,"column":10}},"loc":{"start":{"line":13,"column":21},"end":{"line":15,"column":1}},"line":13}},"branchMap":{},"s":{"0":1,"1":1,"2":1,"3":1,"4":1,"5":1},"f":{"0":1,"1":1},"b":{},"_coverageSchema":"1a1c01bbd47fc00a2c39e90264f33305004495a9","hash":"b1c8d8ba90b71414215cd9c0837005875c97ad1b"}
,"C:\\Users\\DELL\\Desktop\\node\\middleware\\authMiddleware.js": {"path":"C:\\Users\\DELL\\Desktop\\node\\middleware\\authMiddleware.js","statementMap":{"0":{"start":{"line":1,"column":0},"end":{"line":1,"column":27}},"1":{"start":{"line":2,"column":12},"end":{"line":2,"column":35}},"2":{"start":{"line":4,"column":0},"end":{"line":4,"column":19}},"3":{"start":{"line":6,"column":23},"end":{"line":36,"column":1}},"4":{"start":{"line":7,"column":2},"end":{"line":35,"column":3}},"5":{"start":{"line":8,"column":18},"end":{"line":8,"column":57}},"6":{"start":{"line":9,"column":25},"end":{"line":9,"column":51}},"7":{"start":{"line":10,"column":17},"end":{"line":10,"column":34}},"8":{"start":{"line":12,"column":4},"end":{"line":29,"column":5}},"9":{"start":{"line":18,"column":6},"end":{"line":22,"column":8}},"10":{"start":{"line":23,"column":6},"end":{"line":23,"column":13}},"11":{"start":{"line":25,"column":6},"end":{"line":28,"column":9}},"12":{"start":{"line":31,"column":4},"end":{"line":34,"column":7}},"13":{"start":{"line":38,"column":27},"end":{"line":62,"column":1}},"14":{"start":{"line":39,"column":2},"end":{"line":61,"column":3}},"15":{"start":{"line":40,"column":18},"end":{"line":40,"column":57}},"16":{"start":{"line":41,"column":25},"end":{"line":41,"column":51}},"17":{"start":{"line":42,"column":17},"end":{"line":42,"column":34}},"18":{"start":{"line":43,"column":4},"end":{"line":55,"column":5}},"19":{"start":{"line":44,"column":6},"end":{"line":48,"column":8}},"20":{"start":{"line":49,"column":6},"end":{"line":49,"column":13}},"21":{"start":{"line":51,"column":6},"end":{"line":54,"column":9}},"22":{"start":{"line":57,"column":4},"end":{"line":60,"column":7}},"23":{"start":{"line":64,"column":27},"end":{"line":89,"column":1}},"24":{"start":{"line":65,"column":2},"end":{"line":88,"column":3}},"25":{"start":{"line":66,"column":18},"end":{"line":66,"column":57}},"26":{"start":{"line":67,"column":25},"end":{"line":67,"column":51}},"27":{"start":{"line":68,"column":17},"end":{"line":68,"column":34}},"28":{"start":{"line":70,"column":4},"end":{"line":82,"column":5}},"29":{"start":{"line":71,"column":6},"end":{"line":75,"column":8}},"30":{"start":{"line":76,"column":6},"end":{"line":76,"column":13}},"31":{"start":{"line":78,"column":6},"end":{"line":81,"column":9}},"32":{"start":{"line":84,"column":4},"end":{"line":87,"column":7}},"33":{"start":{"line":91,"column":0},"end":{"line":95,"column":2}}},"fnMap":{"0":{"name":"(anonymous_0)","decl":{"start":{"line":6,"column":23},"end":{"line":6,"column":24}},"loc":{"start":{"line":6,"column":43},"end":{"line":36,"column":1}},"line":6},"1":{"name":"(anonymous_1)","decl":{"start":{"line":38,"column":27},"end":{"line":38,"column":28}},"loc":{"start":{"line":38,"column":47},"end":{"line":62,"column":1}},"line":38},"2":{"name":"(anonymous_2)","decl":{"start":{"line":64,"column":27},"end":{"line":64,"column":28}},"loc":{"start":{"line":64,"column":47},"end":{"line":89,"column":1}},"line":64}},"branchMap":{"0":{"loc":{"start":{"line":12,"column":4},"end":{"line":29,"column":5}},"type":"if","locations":[{"start":{"line":12,"column":4},"end":{"line":29,"column":5}},{"start":{"line":24,"column":11},"end":{"line":29,"column":5}}],"line":12},"1":{"loc":{"start":{"line":13,"column":6},"end":{"line":16,"column":22}},"type":"binary-expr","locations":[{"start":{"line":13,"column":6},"end":{"line":13,"column":25}},{"start":{"line":14,"column":6},"end":{"line":14,"column":22}},{"start":{"line":15,"column":6},"end":{"line":15,"column":25}},{"start":{"line":16,"column":6},"end":{"line":16,"column":22}}],"line":13},"2":{"loc":{"start":{"line":43,"column":4},"end":{"line":55,"column":5}},"type":"if","locations":[{"start":{"line":43,"column":4},"end":{"line":55,"column":5}},{"start":{"line":50,"column":11},"end":{"line":55,"column":5}}],"line":43},"3":{"loc":{"start":{"line":43,"column":8},"end":{"line":43,"column":50}},"type":"binary-expr","locations":[{"start":{"line":43,"column":8},"end":{"line":43,"column":27}},{"start":{"line":43,"column":31},"end":{"line":43,"column":50}}],"line":43},"4":{"loc":{"start":{"line":70,"column":4},"end":{"line":82,"column":5}},"type":"if","locations":[{"start":{"line":70,"column":4},"end":{"line":82,"column":5}},{"start":{"line":77,"column":11},"end":{"line":82,"column":5}}],"line":70},"5":{"loc":{"start":{"line":70,"column":8},"end":{"line":70,"column":70}},"type":"binary-expr","locations":[{"start":{"line":70,"column":8},"end":{"line":70,"column":24}},{"start":{"line":70,"column":28},"end":{"line":70,"column":47}},{"start":{"line":70,"column":51},"end":{"line":70,"column":70}}],"line":70}},"s":{"0":1,"1":1,"2":1,"3":1,"4":0,"5":0,"6":0,"7":0,"8":0,"9":0,"10":0,"11":0,"12":0,"13":1,"14":0,"15":0,"16":0,"17":0,"18":0,"19":0,"20":0,"21":0,"22":0,"23":1,"24":1,"25":1,"26":1,"27":1,"28":1,"29":1,"30":1,"31":0,"32":0,"33":1},"f":{"0":0,"1":0,"2":1},"b":{"0":[0,0],"1":[0,0,0,0],"2":[0,0],"3":[0,0],"4":[1,0],"5":[1,0,0]},"_coverageSchema":"1a1c01bbd47fc00a2c39e90264f33305004495a9","hash":"ab5f2fa43628da90d377e33b5aec66c43a78f8af"}
,"C:\\Users\\DELL\\Desktop\\node\\models\\booking.js": {"path":"C:\\Users\\DELL\\Desktop\\node\\models\\booking.js","statementMap":{"0":{"start":{"line":1,"column":17},"end":{"line":1,"column":36}},"1":{"start":{"line":2,"column":21},"end":{"line":2,"column":53}},"2":{"start":{"line":4,"column":22},"end":{"line":46,"column":1}},"3":{"start":{"line":30,"column":10},"end":{"line":30,"column":24}},"4":{"start":{"line":32,"column":28},"end":{"line":32,"column":65}},"5":{"start":{"line":48,"column":0},"end":{"line":48,"column":35}},"6":{"start":{"line":50,"column":0},"end":{"line":56,"column":3}},"7":{"start":{"line":52,"column":4},"end":{"line":52,"column":25}},"8":{"start":{"line":53,"column":4},"end":{"line":53,"column":25}},"9":{"start":{"line":59,"column":0},"end":{"line":59,"column":58}}},"fnMap":{"0":{"name":"(anonymous_0)","decl":{"start":{"line":29,"column":19},"end":{"line":29,"column":20}},"loc":{"start":{"line":29,"column":32},"end":{"line":31,"column":9}},"line":29},"1":{"name":"(anonymous_1)","decl":{"start":{"line":32,"column":17},"end":{"line":32,"column":18}},"loc":{"start":{"line":32,"column":28},"end":{"line":32,"column":65}},"line":32},"2":{"name":"(anonymous_2)","decl":{"start":{"line":51,"column":13},"end":{"line":51,"column":14}},"loc":{"start":{"line":51,"column":33},"end":{"line":54,"column":3}},"line":51}},"branchMap":{},"s":{"0":1,"1":1,"2":1,"3":0,"4":0,"5":1,"6":1,"7":0,"8":0,"9":1},"f":{"0":0,"1":0,"2":0},"b":{},"_coverageSchema":"1a1c01bbd47fc00a2c39e90264f33305004495a9","hash":"322183b6d2146b1bd7fd7ac31c67844fb18d6701"}
,"C:\\Users\\DELL\\Desktop\\node\\models\\bus.js": {"path":"C:\\Users\\DELL\\Desktop\\node\\models\\bus.js","statementMap":{"0":{"start":{"line":1,"column":17},"end":{"line":1,"column":36}},"1":{"start":{"line":2,"column":21},"end":{"line":2,"column":53}},"2":{"start":{"line":4,"column":18},"end":{"line":48,"column":1}},"3":{"start":{"line":50,"column":0},"end":{"line":50,"column":31}},"4":{"start":{"line":52,"column":0},"end":{"line":58,"column":3}},"5":{"start":{"line":54,"column":4},"end":{"line":54,"column":25}},"6":{"start":{"line":55,"column":4},"end":{"line":55,"column":25}},"7":{"start":{"line":60,"column":0},"end":{"line":60,"column":50}}},"fnMap":{"0":{"name":"(anonymous_0)","decl":{"start":{"line":53,"column":13},"end":{"line":53,"column":14}},"loc":{"start":{"line":53,"column":33},"end":{"line":56,"column":3}},"line":53}},"branchMap":{},"s":{"0":1,"1":1,"2":1,"3":1,"4":1,"5":0,"6":0,"7":1},"f":{"0":0},"b":{},"_coverageSchema":"1a1c01bbd47fc00a2c39e90264f33305004495a9","hash":"4b89ff737db5a71883876d90cd5f9cf7d8b0941c"}
,"C:\\Users\\DELL\\Desktop\\node\\models\\coupons.js": {"path":"C:\\Users\\DELL\\Desktop\\node\\models\\coupons.js","statementMap":{"0":{"start":{"line":1,"column":17},"end":{"line":1,"column":36}},"1":{"start":{"line":3,"column":22},"end":{"line":29,"column":1}},"2":{"start":{"line":31,"column":0},"end":{"line":37,"column":3}},"3":{"start":{"line":33,"column":4},"end":{"line":33,"column":25}},"4":{"start":{"line":34,"column":4},"end":{"line":34,"column":25}},"5":{"start":{"line":39,"column":0},"end":{"line":39,"column":58}}},"fnMap":{"0":{"name":"(anonymous_0)","decl":{"start":{"line":32,"column":13},"end":{"line":32,"column":14}},"loc":{"start":{"line":32,"column":33},"end":{"line":35,"column":3}},"line":32}},"branchMap":{},"s":{"0":1,"1":1,"2":1,"3":0,"4":0,"5":1},"f":{"0":0},"b":{},"_coverageSchema":"1a1c01bbd47fc00a2c39e90264f33305004495a9","hash":"4785c94c51382cac33869cfb36c2b9241058fddc"}
,"C:\\Users\\DELL\\Desktop\\node\\models\\customer.js": {"path":"C:\\Users\\DELL\\Desktop\\node\\models\\customer.js","statementMap":{"0":{"start":{"line":1,"column":17},"end":{"line":1,"column":36}},"1":{"start":{"line":3,"column":23},"end":{"line":22,"column":1}},"2":{"start":{"line":24,"column":0},"end":{"line":30,"column":3}},"3":{"start":{"line":26,"column":4},"end":{"line":26,"column":25}},"4":{"start":{"line":27,"column":4},"end":{"line":27,"column":25}},"5":{"start":{"line":32,"column":0},"end":{"line":32,"column":60}}},"fnMap":{"0":{"name":"(anonymous_0)","decl":{"start":{"line":25,"column":13},"end":{"line":25,"column":14}},"loc":{"start":{"line":25,"column":33},"end":{"line":28,"column":3}},"line":25}},"branchMap":{},"s":{"0":1,"1":1,"2":1,"3":0,"4":0,"5":1},"f":{"0":0},"b":{},"_coverageSchema":"1a1c01bbd47fc00a2c39e90264f33305004495a9","hash":"826a1fd105fe9ede86b48f74cb2d0a15fa8a76fc"}
,"C:\\Users\\DELL\\Desktop\\node\\models\\employee.js": {"path":"C:\\Users\\DELL\\Desktop\\node\\models\\employee.js","statementMap":{"0":{"start":{"line":1,"column":17},"end":{"line":1,"column":36}},"1":{"start":{"line":3,"column":23},"end":{"line":26,"column":1}},"2":{"start":{"line":28,"column":0},"end":{"line":34,"column":3}},"3":{"start":{"line":30,"column":4},"end":{"line":30,"column":25}},"4":{"start":{"line":31,"column":4},"end":{"line":31,"column":25}},"5":{"start":{"line":36,"column":0},"end":{"line":36,"column":60}}},"fnMap":{"0":{"name":"(anonymous_0)","decl":{"start":{"line":29,"column":13},"end":{"line":29,"column":14}},"loc":{"start":{"line":29,"column":33},"end":{"line":32,"column":3}},"line":29}},"branchMap":{},"s":{"0":1,"1":1,"2":1,"3":0,"4":0,"5":1},"f":{"0":0},"b":{},"_coverageSchema":"1a1c01bbd47fc00a2c39e90264f33305004495a9","hash":"26a47b0d411709bf1ef1bed7e14453c5637dbd26"}
,"C:\\Users\\DELL\\Desktop\\node\\models\\journey.js": {"path":"C:\\Users\\DELL\\Desktop\\node\\models\\journey.js","statementMap":{"0":{"start":{"line":1,"column":17},"end":{"line":1,"column":36}},"1":{"start":{"line":3,"column":22},"end":{"line":29,"column":1}},"2":{"start":{"line":31,"column":0},"end":{"line":37,"column":3}},"3":{"start":{"line":33,"column":4},"end":{"line":33,"column":25}},"4":{"start":{"line":34,"column":4},"end":{"line":34,"column":25}},"5":{"start":{"line":39,"column":0},"end":{"line":39,"column":58}}},"fnMap":{"0":{"name":"(anonymous_0)","decl":{"start":{"line":32,"column":13},"end":{"line":32,"column":14}},"loc":{"start":{"line":32,"column":33},"end":{"line":35,"column":3}},"line":32}},"branchMap":{},"s":{"0":1,"1":1,"2":1,"3":0,"4":0,"5":1},"f":{"0":0},"b":{},"_coverageSchema":"1a1c01bbd47fc00a2c39e90264f33305004495a9","hash":"16ea7e3b8114c04c0b62e5f896ac68b5594a72e9"}
,"C:\\Users\\DELL\\Desktop\\node\\models\\journeyStops.js": {"path":"C:\\Users\\DELL\\Desktop\\node\\models\\journeyStops.js","statementMap":{"0":{"start":{"line":1,"column":17},"end":{"line":1,"column":36}},"1":{"start":{"line":2,"column":21},"end":{"line":2,"column":53}},"2":{"start":{"line":4,"column":27},"end":{"line":34,"column":1}},"3":{"start":{"line":36,"column":0},"end":{"line":36,"column":40}},"4":{"start":{"line":38,"column":0},"end":{"line":44,"column":3}},"5":{"start":{"line":40,"column":4},"end":{"line":40,"column":25}},"6":{"start":{"line":41,"column":4},"end":{"line":41,"column":25}},"7":{"start":{"line":46,"column":0},"end":{"line":46,"column":68}}},"fnMap":{"0":{"name":"(anonymous_0)","decl":{"start":{"line":39,"column":13},"end":{"line":39,"column":14}},"loc":{"start":{"line":39,"column":33},"end":{"line":42,"column":3}},"line":39}},"branchMap":{},"s":{"0":1,"1":1,"2":1,"3":1,"4":1,"5":0,"6":0,"7":1},"f":{"0":0},"b":{},"_coverageSchema":"1a1c01bbd47fc00a2c39e90264f33305004495a9","hash":"9742dccf5d5b9aa537c5a32b5adc7f8525c8e97a"}
,"C:\\Users\\DELL\\Desktop\\node\\models\\paymentTypes.js": {"path":"C:\\Users\\DELL\\Desktop\\node\\models\\paymentTypes.js","statementMap":{"0":{"start":{"line":1,"column":17},"end":{"line":1,"column":36}},"1":{"start":{"line":3,"column":26},"end":{"line":24,"column":1}},"2":{"start":{"line":26,"column":0},"end":{"line":32,"column":3}},"3":{"start":{"line":28,"column":4},"end":{"line":28,"column":25}},"4":{"start":{"line":29,"column":4},"end":{"line":29,"column":25}},"5":{"start":{"line":34,"column":0},"end":{"line":34,"column":67}}},"fnMap":{"0":{"name":"(anonymous_0)","decl":{"start":{"line":27,"column":13},"end":{"line":27,"column":14}},"loc":{"start":{"line":27,"column":33},"end":{"line":30,"column":3}},"line":27}},"branchMap":{},"s":{"0":1,"1":1,"2":1,"3":0,"4":0,"5":1},"f":{"0":0},"b":{},"_coverageSchema":"1a1c01bbd47fc00a2c39e90264f33305004495a9","hash":"fc9ce670540cf8e61486938c088892ce518ef46b"}
,"C:\\Users\\DELL\\Desktop\\node\\models\\payments.js": {"path":"C:\\Users\\DELL\\Desktop\\node\\models\\payments.js","statementMap":{"0":{"start":{"line":1,"column":17},"end":{"line":1,"column":36}},"1":{"start":{"line":3,"column":23},"end":{"line":33,"column":1}},"2":{"start":{"line":35,"column":0},"end":{"line":41,"column":3}},"3":{"start":{"line":37,"column":4},"end":{"line":37,"column":25}},"4":{"start":{"line":38,"column":4},"end":{"line":38,"column":25}},"5":{"start":{"line":43,"column":0},"end":{"line":43,"column":60}}},"fnMap":{"0":{"name":"(anonymous_0)","decl":{"start":{"line":36,"column":13},"end":{"line":36,"column":14}},"loc":{"start":{"line":36,"column":33},"end":{"line":39,"column":3}},"line":36}},"branchMap":{},"s":{"0":1,"1":1,"2":1,"3":0,"4":0,"5":1},"f":{"0":0},"b":{},"_coverageSchema":"1a1c01bbd47fc00a2c39e90264f33305004495a9","hash":"a2a24bfb710f703e14da54d0ea8d1395202491d0"}
,"C:\\Users\\DELL\\Desktop\\node\\models\\seats.js": {"path":"C:\\Users\\DELL\\Desktop\\node\\models\\seats.js","statementMap":{"0":{"start":{"line":1,"column":17},"end":{"line":1,"column":36}},"1":{"start":{"line":3,"column":20},"end":{"line":25,"column":1}},"2":{"start":{"line":26,"column":0},"end":{"line":32,"column":3}},"3":{"start":{"line":28,"column":4},"end":{"line":28,"column":25}},"4":{"start":{"line":29,"column":4},"end":{"line":29,"column":25}},"5":{"start":{"line":34,"column":0},"end":{"line":34,"column":54}}},"fnMap":{"0":{"name":"(anonymous_0)","decl":{"start":{"line":27,"column":13},"end":{"line":27,"column":14}},"loc":{"start":{"line":27,"column":33},"end":{"line":30,"column":3}},"line":27}},"branchMap":{},"s":{"0":1,"1":1,"2":1,"3":0,"4":0,"5":1},"f":{"0":0},"b":{},"_coverageSchema":"1a1c01bbd47fc00a2c39e90264f33305004495a9","hash":"48ef29607a17e3d8d4a3c5c5cf04e6e39ec90532"}
,"C:\\Users\\DELL\\Desktop\\node\\models\\stops.js": {"path":"C:\\Users\\DELL\\Desktop\\node\\models\\stops.js","statementMap":{"0":{"start":{"line":1,"column":17},"end":{"line":1,"column":36}},"1":{"start":{"line":3,"column":20},"end":{"line":25,"column":1}},"2":{"start":{"line":27,"column":0},"end":{"line":33,"column":3}},"3":{"start":{"line":29,"column":4},"end":{"line":29,"column":25}},"4":{"start":{"line":30,"column":4},"end":{"line":30,"column":25}},"5":{"start":{"line":35,"column":0},"end":{"line":35,"column":54}}},"fnMap":{"0":{"name":"(anonymous_0)","decl":{"start":{"line":28,"column":13},"end":{"line":28,"column":14}},"loc":{"start":{"line":28,"column":33},"end":{"line":31,"column":3}},"line":28}},"branchMap":{},"s":{"0":1,"1":1,"2":1,"3":0,"4":0,"5":1},"f":{"0":0},"b":{},"_coverageSchema":"1a1c01bbd47fc00a2c39e90264f33305004495a9","hash":"a94040247431845cec58542609e9af87cf9977c3"}
,"C:\\Users\\DELL\\Desktop\\node\\models\\tax.js": {"path":"C:\\Users\\DELL\\Desktop\\node\\models\\tax.js","statementMap":{"0":{"start":{"line":1,"column":17},"end":{"line":1,"column":36}},"1":{"start":{"line":3,"column":18},"end":{"line":27,"column":1}},"2":{"start":{"line":29,"column":0},"end":{"line":35,"column":3}},"3":{"start":{"line":31,"column":4},"end":{"line":31,"column":25}},"4":{"start":{"line":32,"column":4},"end":{"line":32,"column":25}},"5":{"start":{"line":37,"column":0},"end":{"line":37,"column":50}}},"fnMap":{"0":{"name":"(anonymous_0)","decl":{"start":{"line":30,"column":13},"end":{"line":30,"column":14}},"loc":{"start":{"line":30,"column":33},"end":{"line":33,"column":3}},"line":30}},"branchMap":{},"s":{"0":1,"1":1,"2":1,"3":0,"4":0,"5":1},"f":{"0":0},"b":{},"_coverageSchema":"1a1c01bbd47fc00a2c39e90264f33305004495a9","hash":"24902e5fe94480332094cfdba126569f5f839a6d"}
,"C:\\Users\\DELL\\Desktop\\node\\routes\\booking.js": {"path":"C:\\Users\\DELL\\Desktop\\node\\routes\\booking.js","statementMap":{"0":{"start":{"line":1,"column":16},"end":{"line":1,"column":34}},"1":{"start":{"line":2,"column":15},"end":{"line":2,"column":31}},"2":{"start":{"line":3,"column":17},"end":{"line":3,"column":36}},"3":{"start":{"line":4,"column":12},"end":{"line":4,"column":36}},"4":{"start":{"line":5,"column":16},"end":{"line":5,"column":44}},"5":{"start":{"line":6,"column":16},"end":{"line":6,"column":44}},"6":{"start":{"line":11,"column":4},"end":{"line":11,"column":43}},"7":{"start":{"line":13,"column":0},"end":{"line":55,"column":3}},"8":{"start":{"line":14,"column":15},"end":{"line":14,"column":23}},"9":{"start":{"line":15,"column":2},"end":{"line":54,"column":3}},"10":{"start":{"line":16,"column":20},"end":{"line":18,"column":6}},"11":{"start":{"line":20,"column":4},"end":{"line":24,"column":5}},"12":{"start":{"line":21,"column":6},"end":{"line":23,"column":9}},"13":{"start":{"line":26,"column":16},"end":{"line":26,"column":27}},"14":{"start":{"line":27,"column":4},"end":{"line":31,"column":5}},"15":{"start":{"line":28,"column":6},"end":{"line":30,"column":9}},"16":{"start":{"line":33,"column":4},"end":{"line":33,"column":50}},"17":{"start":{"line":34,"column":4},"end":{"line":34,"column":21}},"18":{"start":{"line":36,"column":20},"end":{"line":44,"column":6}},"19":{"start":{"line":46,"column":19},"end":{"line":46,"column":39}},"20":{"start":{"line":47,"column":4},"end":{"line":49,"column":7}},"21":{"start":{"line":51,"column":4},"end":{"line":53,"column":7}},"22":{"start":{"line":57,"column":0},"end":{"line":66,"column":3}},"23":{"start":{"line":58,"column":2},"end":{"line":65,"column":3}},"24":{"start":{"line":59,"column":17},"end":{"line":59,"column":57}},"25":{"start":{"line":60,"column":4},"end":{"line":60,"column":35}},"26":{"start":{"line":62,"column":4},"end":{"line":64,"column":7}},"27":{"start":{"line":68,"column":0},"end":{"line":87,"column":3}},"28":{"start":{"line":69,"column":2},"end":{"line":86,"column":3}},"29":{"start":{"line":70,"column":27},"end":{"line":73,"column":5}},"30":{"start":{"line":74,"column":4},"end":{"line":78,"column":5}},"31":{"start":{"line":75,"column":6},"end":{"line":77,"column":9}},"32":{"start":{"line":79,"column":4},"end":{"line":81,"column":7}},"33":{"start":{"line":83,"column":4},"end":{"line":85,"column":7}},"34":{"start":{"line":89,"column":0},"end":{"line":98,"column":3}},"35":{"start":{"line":90,"column":2},"end":{"line":97,"column":3}},"36":{"start":{"line":91,"column":17},"end":{"line":91,"column":56}},"37":{"start":{"line":92,"column":4},"end":{"line":92,"column":35}},"38":{"start":{"line":94,"column":4},"end":{"line":96,"column":7}},"39":{"start":{"line":100,"column":0},"end":{"line":113,"column":3}},"40":{"start":{"line":101,"column":2},"end":{"line":112,"column":3}},"41":{"start":{"line":102,"column":19},"end":{"line":102,"column":27}},"42":{"start":{"line":103,"column":20},"end":{"line":106,"column":5}},"43":{"start":{"line":107,"column":4},"end":{"line":107,"column":47}},"44":{"start":{"line":109,"column":4},"end":{"line":111,"column":7}},"45":{"start":{"line":115,"column":0},"end":{"line":115,"column":24}}},"fnMap":{"0":{"name":"(anonymous_0)","decl":{"start":{"line":13,"column":40},"end":{"line":13,"column":41}},"loc":{"start":{"line":13,"column":60},"end":{"line":55,"column":1}},"line":13},"1":{"name":"(anonymous_1)","decl":{"start":{"line":57,"column":50},"end":{"line":57,"column":51}},"loc":{"start":{"line":57,"column":70},"end":{"line":66,"column":1}},"line":57},"2":{"name":"(anonymous_2)","decl":{"start":{"line":68,"column":55},"end":{"line":68,"column":56}},"loc":{"start":{"line":68,"column":75},"end":{"line":87,"column":1}},"line":68},"3":{"name":"(anonymous_3)","decl":{"start":{"line":89,"column":58},"end":{"line":89,"column":59}},"loc":{"start":{"line":89,"column":78},"end":{"line":98,"column":1}},"line":89},"4":{"name":"(anonymous_4)","decl":{"start":{"line":100,"column":55},"end":{"line":100,"column":56}},"loc":{"start":{"line":100,"column":75},"end":{"line":113,"column":1}},"line":100}},"branchMap":{"0":{"loc":{"start":{"line":20,"column":4},"end":{"line":24,"column":5}},"type":"if","locations":[{"start":{"line":20,"column":4},"end":{"line":24,"column":5}},{"start":{},"end":{}}],"line":20},"1":{"loc":{"start":{"line":27,"column":4},"end":{"line":31,"column":5}},"type":"if","locations":[{"start":{"line":27,"column":4},"end":{"line":31,"column":5}},{"start":{},"end":{}}],"line":27},"2":{"loc":{"start":{"line":74,"column":4},"end":{"line":78,"column":5}},"type":"if","locations":[{"start":{"line":74,"column":4},"end":{"line":78,"column":5}},{"start":{},"end":{}}],"line":74}},"s":{"0":1,"1":1,"2":1,"3":1,"4":1,"5":1,"6":1,"7":1,"8":0,"9":0,"10":0,"11":0,"12":0,"13":0,"14":0,"15":0,"16":0,"17":0,"18":0,"19":0,"20":0,"21":0,"22":1,"23":0,"24":0,"25":0,"26":0,"27":1,"28":0,"29":0,"30":0,"31":0,"32":0,"33":0,"34":1,"35":0,"36":0,"37":0,"38":0,"39":1,"40":0,"41":0,"42":0,"43":0,"44":0,"45":1},"f":{"0":0,"1":0,"2":0,"3":0,"4":0},"b":{"0":[0,0],"1":[0,0],"2":[0,0]},"_coverageSchema":"1a1c01bbd47fc00a2c39e90264f33305004495a9","hash":"97d34eaea7107a7c9f2fe36599d02e9b4e2320ca"}
,"C:\\Users\\DELL\\Desktop\\node\\routes\\bus.js": {"path":"C:\\Users\\DELL\\Desktop\\node\\routes\\bus.js","statementMap":{"0":{"start":{"line":1,"column":16},"end":{"line":1,"column":34}},"1":{"start":{"line":2,"column":15},"end":{"line":2,"column":31}},"2":{"start":{"line":3,"column":17},"end":{"line":3,"column":36}},"3":{"start":{"line":8,"column":4},"end":{"line":8,"column":43}},"4":{"start":{"line":10,"column":12},"end":{"line":10,"column":36}},"5":{"start":{"line":11,"column":14},"end":{"line":11,"column":40}},"6":{"start":{"line":13,"column":0},"end":{"line":41,"column":3}},"7":{"start":{"line":14,"column":2},"end":{"line":40,"column":3}},"8":{"start":{"line":15,"column":18},"end":{"line":15,"column":62}},"9":{"start":{"line":16,"column":4},"end":{"line":20,"column":5}},"10":{"start":{"line":17,"column":6},"end":{"line":19,"column":9}},"11":{"start":{"line":22,"column":16},"end":{"line":32,"column":6}},"12":{"start":{"line":34,"column":19},"end":{"line":34,"column":35}},"13":{"start":{"line":35,"column":4},"end":{"line":35,"column":37}},"14":{"start":{"line":37,"column":4},"end":{"line":39,"column":7}},"15":{"start":{"line":43,"column":0},"end":{"line":53,"column":3}},"16":{"start":{"line":44,"column":2},"end":{"line":52,"column":3}},"17":{"start":{"line":45,"column":18},"end":{"line":45,"column":72}},"18":{"start":{"line":47,"column":4},"end":{"line":47,"column":36}},"19":{"start":{"line":49,"column":4},"end":{"line":51,"column":7}},"20":{"start":{"line":55,"column":0},"end":{"line":85,"column":3}},"21":{"start":{"line":56,"column":2},"end":{"line":84,"column":3}},"22":{"start":{"line":57,"column":18},"end":{"line":60,"column":5}},"23":{"start":{"line":62,"column":27},"end":{"line":71,"column":5}},"24":{"start":{"line":64,"column":22},"end":{"line":64,"column":77}},"25":{"start":{"line":65,"column":8},"end":{"line":69,"column":10}},"26":{"start":{"line":73,"column":4},"end":{"line":79,"column":7}},"27":{"start":{"line":81,"column":4},"end":{"line":83,"column":7}},"28":{"start":{"line":87,"column":0},"end":{"line":101,"column":3}},"29":{"start":{"line":88,"column":2},"end":{"line":100,"column":3}},"30":{"start":{"line":89,"column":19},"end":{"line":91,"column":6}},"31":{"start":{"line":92,"column":4},"end":{"line":95,"column":7}},"32":{"start":{"line":97,"column":4},"end":{"line":99,"column":7}},"33":{"start":{"line":103,"column":0},"end":{"line":112,"column":3}},"34":{"start":{"line":104,"column":2},"end":{"line":111,"column":3}},"35":{"start":{"line":105,"column":17},"end":{"line":105,"column":52}},"36":{"start":{"line":106,"column":4},"end":{"line":106,"column":35}},"37":{"start":{"line":108,"column":4},"end":{"line":110,"column":7}},"38":{"start":{"line":114,"column":0},"end":{"line":127,"column":3}},"39":{"start":{"line":115,"column":2},"end":{"line":126,"column":3}},"40":{"start":{"line":116,"column":19},"end":{"line":116,"column":27}},"41":{"start":{"line":117,"column":20},"end":{"line":120,"column":5}},"42":{"start":{"line":121,"column":4},"end":{"line":121,"column":47}},"43":{"start":{"line":123,"column":4},"end":{"line":125,"column":7}},"44":{"start":{"line":129,"column":0},"end":{"line":129,"column":24}}},"fnMap":{"0":{"name":"(anonymous_0)","decl":{"start":{"line":13,"column":43},"end":{"line":13,"column":44}},"loc":{"start":{"line":13,"column":63},"end":{"line":41,"column":1}},"line":13},"1":{"name":"(anonymous_1)","decl":{"start":{"line":43,"column":27},"end":{"line":43,"column":28}},"loc":{"start":{"line":43,"column":47},"end":{"line":53,"column":1}},"line":43},"2":{"name":"(anonymous_2)","decl":{"start":{"line":55,"column":50},"end":{"line":55,"column":51}},"loc":{"start":{"line":55,"column":70},"end":{"line":85,"column":1}},"line":55},"3":{"name":"(anonymous_3)","decl":{"start":{"line":63,"column":16},"end":{"line":63,"column":17}},"loc":{"start":{"line":63,"column":31},"end":{"line":70,"column":7}},"line":63},"4":{"name":"(anonymous_4)","decl":{"start":{"line":87,"column":51},"end":{"line":87,"column":52}},"loc":{"start":{"line":87,"column":71},"end":{"line":101,"column":1}},"line":87},"5":{"name":"(anonymous_5)","decl":{"start":{"line":103,"column":54},"end":{"line":103,"column":55}},"loc":{"start":{"line":103,"column":74},"end":{"line":112,"column":1}},"line":103},"6":{"name":"(anonymous_6)","decl":{"start":{"line":114,"column":51},"end":{"line":114,"column":52}},"loc":{"start":{"line":114,"column":71},"end":{"line":127,"column":1}},"line":114}},"branchMap":{"0":{"loc":{"start":{"line":16,"column":4},"end":{"line":20,"column":5}},"type":"if","locations":[{"start":{"line":16,"column":4},"end":{"line":20,"column":5}},{"start":{},"end":{}}],"line":16}},"s":{"0":1,"1":1,"2":1,"3":1,"4":1,"5":1,"6":1,"7":0,"8":0,"9":0,"10":0,"11":0,"12":0,"13":0,"14":0,"15":1,"16":0,"17":0,"18":0,"19":0,"20":1,"21":0,"22":0,"23":0,"24":0,"25":0,"26":0,"27":0,"28":1,"29":0,"30":0,"31":0,"32":0,"33":1,"34":0,"35":0,"36":0,"37":0,"38":1,"39":0,"40":0,"41":0,"42":0,"43":0,"44":1},"f":{"0":0,"1":0,"2":0,"3":0,"4":0,"5":0,"6":0},"b":{"0":[0,0]},"_coverageSchema":"1a1c01bbd47fc00a2c39e90264f33305004495a9","hash":"046748eab110d0a22488bf838265b3293c1345de"}
,"C:\\Users\\DELL\\Desktop\\node\\routes\\coupons.js": {"path":"C:\\Users\\DELL\\Desktop\\node\\routes\\coupons.js","statementMap":{"0":{"start":{"line":1,"column":17},"end":{"line":1,"column":36}},"1":{"start":{"line":2,"column":16},"end":{"line":2,"column":34}},"2":{"start":{"line":3,"column":15},"end":{"line":3,"column":31}},"3":{"start":{"line":7,"column":4},"end":{"line":7,"column":43}},"4":{"start":{"line":8,"column":0},"end":{"line":8,"column":27}},"5":{"start":{"line":10,"column":16},"end":{"line":10,"column":44}},"6":{"start":{"line":12,"column":0},"end":{"line":39,"column":3}},"7":{"start":{"line":13,"column":2},"end":{"line":38,"column":3}},"8":{"start":{"line":14,"column":19},"end":{"line":23,"column":6}},"9":{"start":{"line":24,"column":4},"end":{"line":33,"column":7}},"10":{"start":{"line":35,"column":4},"end":{"line":37,"column":7}},"11":{"start":{"line":41,"column":0},"end":{"line":50,"column":3}},"12":{"start":{"line":42,"column":2},"end":{"line":49,"column":3}},"13":{"start":{"line":43,"column":19},"end":{"line":43,"column":59}},"14":{"start":{"line":44,"column":4},"end":{"line":44,"column":37}},"15":{"start":{"line":46,"column":4},"end":{"line":48,"column":7}},"16":{"start":{"line":52,"column":0},"end":{"line":64,"column":3}},"17":{"start":{"line":53,"column":2},"end":{"line":63,"column":3}},"18":{"start":{"line":54,"column":19},"end":{"line":57,"column":5}},"19":{"start":{"line":58,"column":4},"end":{"line":58,"column":37}},"20":{"start":{"line":60,"column":4},"end":{"line":62,"column":7}},"21":{"start":{"line":66,"column":0},"end":{"line":75,"column":3}},"22":{"start":{"line":67,"column":2},"end":{"line":74,"column":3}},"23":{"start":{"line":68,"column":19},"end":{"line":68,"column":58}},"24":{"start":{"line":69,"column":4},"end":{"line":69,"column":37}},"25":{"start":{"line":71,"column":4},"end":{"line":73,"column":7}},"26":{"start":{"line":77,"column":0},"end":{"line":90,"column":3}},"27":{"start":{"line":78,"column":2},"end":{"line":89,"column":3}},"28":{"start":{"line":79,"column":19},"end":{"line":79,"column":27}},"29":{"start":{"line":80,"column":20},"end":{"line":83,"column":5}},"30":{"start":{"line":84,"column":4},"end":{"line":84,"column":47}},"31":{"start":{"line":86,"column":4},"end":{"line":88,"column":7}},"32":{"start":{"line":92,"column":0},"end":{"line":92,"column":24}}},"fnMap":{"0":{"name":"(anonymous_0)","decl":{"start":{"line":12,"column":47},"end":{"line":12,"column":48}},"loc":{"start":{"line":12,"column":67},"end":{"line":39,"column":1}},"line":12},"1":{"name":"(anonymous_1)","decl":{"start":{"line":41,"column":45},"end":{"line":41,"column":46}},"loc":{"start":{"line":41,"column":65},"end":{"line":50,"column":1}},"line":41},"2":{"name":"(anonymous_2)","decl":{"start":{"line":52,"column":58},"end":{"line":52,"column":59}},"loc":{"start":{"line":52,"column":78},"end":{"line":64,"column":1}},"line":52},"3":{"name":"(anonymous_3)","decl":{"start":{"line":66,"column":56},"end":{"line":66,"column":57}},"loc":{"start":{"line":66,"column":76},"end":{"line":75,"column":1}},"line":66},"4":{"name":"(anonymous_4)","decl":{"start":{"line":77,"column":55},"end":{"line":77,"column":56}},"loc":{"start":{"line":77,"column":75},"end":{"line":90,"column":1}},"line":77}},"branchMap":{},"s":{"0":1,"1":1,"2":1,"3":1,"4":1,"5":1,"6":1,"7":0,"8":0,"9":0,"10":0,"11":1,"12":0,"13":0,"14":0,"15":0,"16":1,"17":0,"18":0,"19":0,"20":0,"21":1,"22":0,"23":0,"24":0,"25":0,"26":1,"27":0,"28":0,"29":0,"30":0,"31":0,"32":1},"f":{"0":0,"1":0,"2":0,"3":0,"4":0},"b":{},"_coverageSchema":"1a1c01bbd47fc00a2c39e90264f33305004495a9","hash":"6b2b1fc4380ceb40c1f1636b17109228d0394fae"}
,"C:\\Users\\DELL\\Desktop\\node\\routes\\customer.js": {"path":"C:\\Users\\DELL\\Desktop\\node\\routes\\customer.js","statementMap":{"0":{"start":{"line":1,"column":16},"end":{"line":1,"column":34}},"1":{"start":{"line":2,"column":15},"end":{"line":2,"column":31}},"2":{"start":{"line":3,"column":15},"end":{"line":3,"column":32}},"3":{"start":{"line":4,"column":17},"end":{"line":4,"column":36}},"4":{"start":{"line":5,"column":12},"end":{"line":5,"column":35}},"5":{"start":{"line":6,"column":17},"end":{"line":6,"column":46}},"6":{"start":{"line":10,"column":4},"end":{"line":10,"column":43}},"7":{"start":{"line":12,"column":0},"end":{"line":21,"column":3}},"8":{"start":{"line":13,"column":2},"end":{"line":20,"column":3}},"9":{"start":{"line":14,"column":17},"end":{"line":14,"column":58}},"10":{"start":{"line":15,"column":4},"end":{"line":15,"column":35}},"11":{"start":{"line":17,"column":4},"end":{"line":19,"column":7}},"12":{"start":{"line":23,"column":0},"end":{"line":63,"column":3}},"13":{"start":{"line":24,"column":63},"end":{"line":24,"column":71}},"14":{"start":{"line":25,"column":2},"end":{"line":62,"column":3}},"15":{"start":{"line":26,"column":19},"end":{"line":26,"column":59}},"16":{"start":{"line":27,"column":4},"end":{"line":31,"column":5}},"17":{"start":{"line":28,"column":6},"end":{"line":30,"column":9}},"18":{"start":{"line":32,"column":19},"end":{"line":32,"column":50}},"19":{"start":{"line":33,"column":19},"end":{"line":40,"column":6}},"20":{"start":{"line":41,"column":20},"end":{"line":45,"column":5}},"21":{"start":{"line":46,"column":20},"end":{"line":48,"column":5}},"22":{"start":{"line":49,"column":18},"end":{"line":49,"column":65}},"23":{"start":{"line":50,"column":4},"end":{"line":57,"column":7}},"24":{"start":{"line":59,"column":4},"end":{"line":61,"column":7}},"25":{"start":{"line":65,"column":0},"end":{"line":85,"column":3}},"26":{"start":{"line":66,"column":2},"end":{"line":84,"column":3}},"27":{"start":{"line":67,"column":21},"end":{"line":67,"column":64}},"28":{"start":{"line":68,"column":4},"end":{"line":72,"column":5}},"29":{"start":{"line":69,"column":6},"end":{"line":71,"column":9}},"30":{"start":{"line":73,"column":4},"end":{"line":79,"column":7}},"31":{"start":{"line":81,"column":4},"end":{"line":83,"column":7}},"32":{"start":{"line":87,"column":0},"end":{"line":112,"column":2}},"33":{"start":{"line":88,"column":4},"end":{"line":110,"column":5}},"34":{"start":{"line":89,"column":21},"end":{"line":92,"column":7}},"35":{"start":{"line":93,"column":6},"end":{"line":97,"column":7}},"36":{"start":{"line":94,"column":8},"end":{"line":96,"column":11}},"37":{"start":{"line":98,"column":6},"end":{"line":98,"column":35}},"38":{"start":{"line":99,"column":6},"end":{"line":105,"column":9}},"39":{"start":{"line":107,"column":6},"end":{"line":109,"column":9}},"40":{"start":{"line":114,"column":0},"end":{"line":123,"column":3}},"41":{"start":{"line":115,"column":2},"end":{"line":122,"column":3}},"42":{"start":{"line":116,"column":17},"end":{"line":116,"column":57}},"43":{"start":{"line":117,"column":4},"end":{"line":117,"column":35}},"44":{"start":{"line":119,"column":4},"end":{"line":121,"column":7}},"45":{"start":{"line":125,"column":0},"end":{"line":138,"column":3}},"46":{"start":{"line":126,"column":2},"end":{"line":137,"column":3}},"47":{"start":{"line":127,"column":19},"end":{"line":127,"column":27}},"48":{"start":{"line":128,"column":20},"end":{"line":131,"column":5}},"49":{"start":{"line":132,"column":4},"end":{"line":132,"column":47}},"50":{"start":{"line":134,"column":4},"end":{"line":136,"column":7}},"51":{"start":{"line":139,"column":0},"end":{"line":139,"column":24}}},"fnMap":{"0":{"name":"(anonymous_0)","decl":{"start":{"line":12,"column":51},"end":{"line":12,"column":52}},"loc":{"start":{"line":12,"column":71},"end":{"line":21,"column":1}},"line":12},"1":{"name":"(anonymous_1)","decl":{"start":{"line":23,"column":33},"end":{"line":23,"column":34}},"loc":{"start":{"line":23,"column":53},"end":{"line":63,"column":1}},"line":23},"2":{"name":"(anonymous_2)","decl":{"start":{"line":65,"column":55},"end":{"line":65,"column":56}},"loc":{"start":{"line":65,"column":75},"end":{"line":85,"column":1}},"line":65},"3":{"name":"(anonymous_3)","decl":{"start":{"line":87,"column":60},"end":{"line":87,"column":61}},"loc":{"start":{"line":87,"column":80},"end":{"line":111,"column":3}},"line":87},"4":{"name":"(anonymous_4)","decl":{"start":{"line":114,"column":58},"end":{"line":114,"column":59}},"loc":{"start":{"line":114,"column":78},"end":{"line":123,"column":1}},"line":114},"5":{"name":"(anonymous_5)","decl":{"start":{"line":125,"column":56},"end":{"line":125,"column":57}},"loc":{"start":{"line":125,"column":76},"end":{"line":138,"column":1}},"line":125}},"branchMap":{"0":{"loc":{"start":{"line":27,"column":4},"end":{"line":31,"column":5}},"type":"if","locations":[{"start":{"line":27,"column":4},"end":{"line":31,"column":5}},{"start":{},"end":{}}],"line":27},"1":{"loc":{"start":{"line":68,"column":4},"end":{"line":72,"column":5}},"type":"if","locations":[{"start":{"line":68,"column":4},"end":{"line":72,"column":5}},{"start":{},"end":{}}],"line":68},"2":{"loc":{"start":{"line":93,"column":6},"end":{"line":97,"column":7}},"type":"if","locations":[{"start":{"line":93,"column":6},"end":{"line":97,"column":7}},{"start":{},"end":{}}],"line":93}},"s":{"0":1,"1":1,"2":1,"3":1,"4":1,"5":1,"6":1,"7":1,"8":0,"9":0,"10":0,"11":0,"12":1,"13":0,"14":0,"15":0,"16":0,"17":0,"18":0,"19":0,"20":0,"21":0,"22":0,"23":0,"24":0,"25":1,"26":0,"27":0,"28":0,"29":0,"30":0,"31":0,"32":1,"33":0,"34":0,"35":0,"36":0,"37":0,"38":0,"39":0,"40":1,"41":0,"42":0,"43":0,"44":0,"45":1,"46":0,"47":0,"48":0,"49":0,"50":0,"51":1},"f":{"0":0,"1":0,"2":0,"3":0,"4":0,"5":0},"b":{"0":[0,0],"1":[0,0],"2":[0,0]},"_coverageSchema":"1a1c01bbd47fc00a2c39e90264f33305004495a9","hash":"1a5fb1f6f8e7849e7467e28a35fe25f9d35c78d3"}
,"C:\\Users\\DELL\\Desktop\\node\\routes\\employee.js": {"path":"C:\\Users\\DELL\\Desktop\\node\\routes\\employee.js","statementMap":{"0":{"start":{"line":1,"column":16},"end":{"line":1,"column":34}},"1":{"start":{"line":2,"column":15},"end":{"line":2,"column":31}},"2":{"start":{"line":3,"column":15},"end":{"line":3,"column":32}},"3":{"start":{"line":4,"column":17},"end":{"line":4,"column":36}},"4":{"start":{"line":5,"column":12},"end":{"line":5,"column":35}},"5":{"start":{"line":6,"column":0},"end":{"line":6,"column":27}},"6":{"start":{"line":8,"column":17},"end":{"line":8,"column":46}},"7":{"start":{"line":9,"column":31},"end":{"line":9,"column":70}},"8":{"start":{"line":11,"column":0},"end":{"line":20,"column":3}},"9":{"start":{"line":12,"column":2},"end":{"line":19,"column":3}},"10":{"start":{"line":13,"column":17},"end":{"line":13,"column":58}},"11":{"start":{"line":14,"column":4},"end":{"line":14,"column":35}},"12":{"start":{"line":16,"column":4},"end":{"line":18,"column":7}},"13":{"start":{"line":22,"column":0},"end":{"line":42,"column":3}},"14":{"start":{"line":23,"column":2},"end":{"line":41,"column":3}},"15":{"start":{"line":24,"column":21},"end":{"line":24,"column":64}},"16":{"start":{"line":25,"column":4},"end":{"line":29,"column":5}},"17":{"start":{"line":26,"column":6},"end":{"line":28,"column":9}},"18":{"start":{"line":30,"column":4},"end":{"line":36,"column":7}},"19":{"start":{"line":38,"column":4},"end":{"line":40,"column":7}},"20":{"start":{"line":44,"column":0},"end":{"line":85,"column":3}},"21":{"start":{"line":45,"column":49},"end":{"line":45,"column":57}},"22":{"start":{"line":46,"column":2},"end":{"line":84,"column":3}},"23":{"start":{"line":47,"column":19},"end":{"line":47,"column":59}},"24":{"start":{"line":48,"column":4},"end":{"line":52,"column":5}},"25":{"start":{"line":49,"column":6},"end":{"line":51,"column":9}},"26":{"start":{"line":53,"column":19},"end":{"line":53,"column":50}},"27":{"start":{"line":54,"column":19},"end":{"line":61,"column":6}},"28":{"start":{"line":62,"column":20},"end":{"line":66,"column":5}},"29":{"start":{"line":67,"column":20},"end":{"line":69,"column":5}},"30":{"start":{"line":70,"column":18},"end":{"line":70,"column":65}},"31":{"start":{"line":72,"column":4},"end":{"line":79,"column":7}},"32":{"start":{"line":81,"column":4},"end":{"line":83,"column":7}},"33":{"start":{"line":87,"column":0},"end":{"line":112,"column":2}},"34":{"start":{"line":88,"column":4},"end":{"line":110,"column":5}},"35":{"start":{"line":89,"column":30},"end":{"line":92,"column":7}},"36":{"start":{"line":93,"column":6},"end":{"line":97,"column":7}},"37":{"start":{"line":94,"column":8},"end":{"line":96,"column":11}},"38":{"start":{"line":98,"column":6},"end":{"line":98,"column":35}},"39":{"start":{"line":99,"column":6},"end":{"line":105,"column":9}},"40":{"start":{"line":107,"column":6},"end":{"line":109,"column":9}},"41":{"start":{"line":114,"column":0},"end":{"line":123,"column":3}},"42":{"start":{"line":115,"column":2},"end":{"line":122,"column":3}},"43":{"start":{"line":116,"column":17},"end":{"line":116,"column":57}},"44":{"start":{"line":117,"column":4},"end":{"line":117,"column":35}},"45":{"start":{"line":119,"column":4},"end":{"line":121,"column":7}},"46":{"start":{"line":125,"column":0},"end":{"line":138,"column":3}},"47":{"start":{"line":126,"column":2},"end":{"line":137,"column":3}},"48":{"start":{"line":127,"column":19},"end":{"line":127,"column":27}},"49":{"start":{"line":128,"column":20},"end":{"line":131,"column":5}},"50":{"start":{"line":132,"column":4},"end":{"line":132,"column":47}},"51":{"start":{"line":134,"column":4},"end":{"line":136,"column":7}},"52":{"start":{"line":140,"column":0},"end":{"line":140,"column":24}}},"fnMap":{"0":{"name":"(anonymous_0)","decl":{"start":{"line":11,"column":51},"end":{"line":11,"column":52}},"loc":{"start":{"line":11,"column":71},"end":{"line":20,"column":1}},"line":11},"1":{"name":"(anonymous_1)","decl":{"start":{"line":22,"column":55},"end":{"line":22,"column":56}},"loc":{"start":{"line":22,"column":75},"end":{"line":42,"column":1}},"line":22},"2":{"name":"(anonymous_2)","decl":{"start":{"line":44,"column":33},"end":{"line":44,"column":34}},"loc":{"start":{"line":44,"column":53},"end":{"line":85,"column":1}},"line":44},"3":{"name":"(anonymous_3)","decl":{"start":{"line":87,"column":60},"end":{"line":87,"column":61}},"loc":{"start":{"line":87,"column":80},"end":{"line":111,"column":3}},"line":87},"4":{"name":"(anonymous_4)","decl":{"start":{"line":114,"column":58},"end":{"line":114,"column":59}},"loc":{"start":{"line":114,"column":78},"end":{"line":123,"column":1}},"line":114},"5":{"name":"(anonymous_5)","decl":{"start":{"line":125,"column":56},"end":{"line":125,"column":57}},"loc":{"start":{"line":125,"column":76},"end":{"line":138,"column":1}},"line":125}},"branchMap":{"0":{"loc":{"start":{"line":25,"column":4},"end":{"line":29,"column":5}},"type":"if","locations":[{"start":{"line":25,"column":4},"end":{"line":29,"column":5}},{"start":{},"end":{}}],"line":25},"1":{"loc":{"start":{"line":48,"column":4},"end":{"line":52,"column":5}},"type":"if","locations":[{"start":{"line":48,"column":4},"end":{"line":52,"column":5}},{"start":{},"end":{}}],"line":48},"2":{"loc":{"start":{"line":93,"column":6},"end":{"line":97,"column":7}},"type":"if","locations":[{"start":{"line":93,"column":6},"end":{"line":97,"column":7}},{"start":{},"end":{}}],"line":93}},"s":{"0":1,"1":1,"2":1,"3":1,"4":1,"5":1,"6":1,"7":1,"8":1,"9":0,"10":0,"11":0,"12":0,"13":1,"14":0,"15":0,"16":0,"17":0,"18":0,"19":0,"20":1,"21":0,"22":0,"23":0,"24":0,"25":0,"26":0,"27":0,"28":0,"29":0,"30":0,"31":0,"32":0,"33":1,"34":0,"35":0,"36":0,"37":0,"38":0,"39":0,"40":0,"41":1,"42":0,"43":0,"44":0,"45":0,"46":1,"47":0,"48":0,"49":0,"50":0,"51":0,"52":1},"f":{"0":0,"1":0,"2":0,"3":0,"4":0,"5":0},"b":{"0":[0,0],"1":[0,0],"2":[0,0]},"_coverageSchema":"1a1c01bbd47fc00a2c39e90264f33305004495a9","hash":"3758da7a66a392f081072998d3b8fae00f41d4ec"}
,"C:\\Users\\DELL\\Desktop\\node\\routes\\journey.js": {"path":"C:\\Users\\DELL\\Desktop\\node\\routes\\journey.js","statementMap":{"0":{"start":{"line":1,"column":17},"end":{"line":1,"column":36}},"1":{"start":{"line":2,"column":16},"end":{"line":2,"column":34}},"2":{"start":{"line":3,"column":15},"end":{"line":3,"column":31}},"3":{"start":{"line":7,"column":4},"end":{"line":7,"column":43}},"4":{"start":{"line":8,"column":0},"end":{"line":8,"column":27}},"5":{"start":{"line":10,"column":16},"end":{"line":10,"column":44}},"6":{"start":{"line":11,"column":12},"end":{"line":11,"column":36}},"7":{"start":{"line":12,"column":12},"end":{"line":12,"column":36}},"8":{"start":{"line":13,"column":15},"end":{"line":13,"column":43}},"9":{"start":{"line":15,"column":0},"end":{"line":64,"column":3}},"10":{"start":{"line":16,"column":2},"end":{"line":63,"column":3}},"11":{"start":{"line":17,"column":16},"end":{"line":17,"column":48}},"12":{"start":{"line":18,"column":16},"end":{"line":18,"column":48}},"13":{"start":{"line":19,"column":19},"end":{"line":19,"column":57}},"14":{"start":{"line":21,"column":4},"end":{"line":23,"column":5}},"15":{"start":{"line":22,"column":6},"end":{"line":22,"column":69}},"16":{"start":{"line":25,"column":21},"end":{"line":25,"column":40}},"17":{"start":{"line":26,"column":17},"end":{"line":26,"column":25}},"18":{"start":{"line":27,"column":17},"end":{"line":27,"column":25}},"19":{"start":{"line":28,"column":18},"end":{"line":28,"column":27}},"20":{"start":{"line":29,"column":28},"end":{"line":29,"column":47}},"21":{"start":{"line":31,"column":20},"end":{"line":31,"column":70}},"22":{"start":{"line":33,"column":4},"end":{"line":36,"column":5}},"23":{"start":{"line":34,"column":26},"end":{"line":34,"column":38}},"24":{"start":{"line":35,"column":6},"end":{"line":35,"column":31}},"25":{"start":{"line":38,"column":20},"end":{"line":47,"column":6}},"26":{"start":{"line":49,"column":4},"end":{"line":58,"column":7}},"27":{"start":{"line":60,"column":4},"end":{"line":62,"column":7}},"28":{"start":{"line":66,"column":0},"end":{"line":81,"column":3}},"29":{"start":{"line":67,"column":2},"end":{"line":80,"column":3}},"30":{"start":{"line":68,"column":21},"end":{"line":71,"column":25}},"31":{"start":{"line":73,"column":4},"end":{"line":75,"column":7}},"32":{"start":{"line":77,"column":4},"end":{"line":79,"column":7}},"33":{"start":{"line":83,"column":0},"end":{"line":98,"column":3}},"34":{"start":{"line":84,"column":2},"end":{"line":97,"column":3}},"35":{"start":{"line":85,"column":19},"end":{"line":91,"column":25}},"36":{"start":{"line":92,"column":4},"end":{"line":92,"column":37}},"37":{"start":{"line":94,"column":4},"end":{"line":96,"column":7}},"38":{"start":{"line":100,"column":0},"end":{"line":112,"column":3}},"39":{"start":{"line":101,"column":2},"end":{"line":111,"column":3}},"40":{"start":{"line":102,"column":19},"end":{"line":105,"column":25}},"41":{"start":{"line":106,"column":4},"end":{"line":106,"column":37}},"42":{"start":{"line":108,"column":4},"end":{"line":110,"column":7}},"43":{"start":{"line":114,"column":0},"end":{"line":127,"column":3}},"44":{"start":{"line":115,"column":2},"end":{"line":126,"column":3}},"45":{"start":{"line":116,"column":19},"end":{"line":116,"column":27}},"46":{"start":{"line":117,"column":20},"end":{"line":120,"column":5}},"47":{"start":{"line":121,"column":4},"end":{"line":121,"column":47}},"48":{"start":{"line":123,"column":4},"end":{"line":125,"column":7}},"49":{"start":{"line":129,"column":0},"end":{"line":129,"column":24}}},"fnMap":{"0":{"name":"(anonymous_0)","decl":{"start":{"line":15,"column":47},"end":{"line":15,"column":48}},"loc":{"start":{"line":15,"column":67},"end":{"line":64,"column":1}},"line":15},"1":{"name":"(anonymous_1)","decl":{"start":{"line":66,"column":46},"end":{"line":66,"column":47}},"loc":{"start":{"line":66,"column":66},"end":{"line":81,"column":1}},"line":66},"2":{"name":"(anonymous_2)","decl":{"start":{"line":83,"column":59},"end":{"line":83,"column":60}},"loc":{"start":{"line":83,"column":79},"end":{"line":98,"column":1}},"line":83},"3":{"name":"(anonymous_3)","decl":{"start":{"line":100,"column":56},"end":{"line":100,"column":57}},"loc":{"start":{"line":100,"column":76},"end":{"line":112,"column":1}},"line":100},"4":{"name":"(anonymous_4)","decl":{"start":{"line":114,"column":56},"end":{"line":114,"column":57}},"loc":{"start":{"line":114,"column":76},"end":{"line":127,"column":1}},"line":114}},"branchMap":{"0":{"loc":{"start":{"line":21,"column":4},"end":{"line":23,"column":5}},"type":"if","locations":[{"start":{"line":21,"column":4},"end":{"line":23,"column":5}},{"start":{},"end":{}}],"line":21},"1":{"loc":{"start":{"line":21,"column":8},"end":{"line":21,"column":20}},"type":"binary-expr","locations":[{"start":{"line":21,"column":8},"end":{"line":21,"column":12}},{"start":{"line":21,"column":16},"end":{"line":21,"column":20}}],"line":21},"2":{"loc":{"start":{"line":33,"column":4},"end":{"line":36,"column":5}},"type":"if","locations":[{"start":{"line":33,"column":4},"end":{"line":36,"column":5}},{"start":{},"end":{}}],"line":33}},"s":{"0":1,"1":1,"2":1,"3":1,"4":1,"5":1,"6":1,"7":1,"8":1,"9":1,"10":0,"11":0,"12":0,"13":0,"14":0,"15":0,"16":0,"17":0,"18":0,"19":0,"20":0,"21":0,"22":0,"23":0,"24":0,"25":0,"26":0,"27":0,"28":1,"29":0,"30":0,"31":0,"32":0,"33":1,"34":0,"35":0,"36":0,"37":0,"38":1,"39":0,"40":0,"41":0,"42":0,"43":1,"44":0,"45":0,"46":0,"47":0,"48":0,"49":1},"f":{"0":0,"1":0,"2":0,"3":0,"4":0},"b":{"0":[0,0],"1":[0,0],"2":[0,0]},"_coverageSchema":"1a1c01bbd47fc00a2c39e90264f33305004495a9","hash":"f83adb1cb231c26d534817702e7490631a87ba04"}
,"C:\\Users\\DELL\\Desktop\\node\\routes\\journeyStops.js": {"path":"C:\\Users\\DELL\\Desktop\\node\\routes\\journeyStops.js","statementMap":{"0":{"start":{"line":1,"column":17},"end":{"line":1,"column":36}},"1":{"start":{"line":2,"column":16},"end":{"line":2,"column":34}},"2":{"start":{"line":3,"column":15},"end":{"line":3,"column":31}},"3":{"start":{"line":7,"column":4},"end":{"line":7,"column":43}},"4":{"start":{"line":8,"column":0},"end":{"line":8,"column":27}},"5":{"start":{"line":10,"column":21},"end":{"line":10,"column":54}},"6":{"start":{"line":12,"column":0},"end":{"line":32,"column":3}},"7":{"start":{"line":13,"column":2},"end":{"line":31,"column":3}},"8":{"start":{"line":14,"column":19},"end":{"line":19,"column":6}},"9":{"start":{"line":20,"column":4},"end":{"line":26,"column":7}},"10":{"start":{"line":28,"column":4},"end":{"line":30,"column":7}},"11":{"start":{"line":34,"column":0},"end":{"line":43,"column":3}},"12":{"start":{"line":35,"column":2},"end":{"line":42,"column":3}},"13":{"start":{"line":36,"column":25},"end":{"line":36,"column":70}},"14":{"start":{"line":37,"column":4},"end":{"line":37,"column":51}},"15":{"start":{"line":39,"column":4},"end":{"line":41,"column":7}},"16":{"start":{"line":45,"column":0},"end":{"line":58,"column":2}},"17":{"start":{"line":46,"column":4},"end":{"line":56,"column":5}},"18":{"start":{"line":47,"column":21},"end":{"line":50,"column":7}},"19":{"start":{"line":51,"column":6},"end":{"line":51,"column":39}},"20":{"start":{"line":53,"column":6},"end":{"line":55,"column":9}},"21":{"start":{"line":60,"column":0},"end":{"line":70,"column":2}},"22":{"start":{"line":61,"column":4},"end":{"line":68,"column":5}},"23":{"start":{"line":62,"column":21},"end":{"line":62,"column":65}},"24":{"start":{"line":63,"column":6},"end":{"line":63,"column":39}},"25":{"start":{"line":65,"column":6},"end":{"line":67,"column":9}},"26":{"start":{"line":72,"column":0},"end":{"line":72,"column":24}}},"fnMap":{"0":{"name":"(anonymous_0)","decl":{"start":{"line":12,"column":52},"end":{"line":12,"column":53}},"loc":{"start":{"line":12,"column":72},"end":{"line":32,"column":1}},"line":12},"1":{"name":"(anonymous_1)","decl":{"start":{"line":34,"column":50},"end":{"line":34,"column":51}},"loc":{"start":{"line":34,"column":70},"end":{"line":43,"column":1}},"line":34},"2":{"name":"(anonymous_2)","decl":{"start":{"line":45,"column":64},"end":{"line":45,"column":65}},"loc":{"start":{"line":45,"column":84},"end":{"line":57,"column":3}},"line":45},"3":{"name":"(anonymous_3)","decl":{"start":{"line":60,"column":61},"end":{"line":60,"column":62}},"loc":{"start":{"line":60,"column":81},"end":{"line":69,"column":3}},"line":60}},"branchMap":{},"s":{"0":1,"1":1,"2":1,"3":1,"4":1,"5":1,"6":1,"7":0,"8":0,"9":0,"10":0,"11":1,"12":0,"13":0,"14":0,"15":0,"16":1,"17":0,"18":0,"19":0,"20":0,"21":1,"22":0,"23":0,"24":0,"25":0,"26":1},"f":{"0":0,"1":0,"2":0,"3":0},"b":{},"_coverageSchema":"1a1c01bbd47fc00a2c39e90264f33305004495a9","hash":"8fda18f39bda85f3a2e854eb5952031419d65114"}
,"C:\\Users\\DELL\\Desktop\\node\\routes\\login.js": {"path":"C:\\Users\\DELL\\Desktop\\node\\routes\\login.js","statementMap":{"0":{"start":{"line":1,"column":16},"end":{"line":1,"column":34}},"1":{"start":{"line":2,"column":15},"end":{"line":2,"column":31}},"2":{"start":{"line":3,"column":15},"end":{"line":3,"column":32}},"3":{"start":{"line":4,"column":12},"end":{"line":4,"column":35}},"4":{"start":{"line":6,"column":0},"end":{"line":6,"column":27}},"5":{"start":{"line":11,"column":4},"end":{"line":11,"column":43}},"6":{"start":{"line":13,"column":17},"end":{"line":13,"column":46}},"7":{"start":{"line":14,"column":17},"end":{"line":14,"column":46}},"8":{"start":{"line":16,"column":0},"end":{"line":149,"column":3}},"9":{"start":{"line":17,"column":30},"end":{"line":17,"column":38}},"10":{"start":{"line":18,"column":2},"end":{"line":148,"column":3}},"11":{"start":{"line":19,"column":27},"end":{"line":19,"column":67}},"12":{"start":{"line":20,"column":4},"end":{"line":143,"column":5}},"13":{"start":{"line":21,"column":31},"end":{"line":24,"column":7}},"14":{"start":{"line":25,"column":6},"end":{"line":138,"column":7}},"15":{"start":{"line":26,"column":24},"end":{"line":30,"column":9}},"16":{"start":{"line":31,"column":24},"end":{"line":33,"column":9}},"17":{"start":{"line":35,"column":23},"end":{"line":35,"column":70}},"18":{"start":{"line":37,"column":29},"end":{"line":37,"column":68}},"19":{"start":{"line":38,"column":8},"end":{"line":133,"column":11}},"20":{"start":{"line":135,"column":8},"end":{"line":137,"column":11}},"21":{"start":{"line":140,"column":6},"end":{"line":142,"column":79}},"22":{"start":{"line":145,"column":4},"end":{"line":147,"column":7}},"23":{"start":{"line":151,"column":0},"end":{"line":229,"column":3}},"24":{"start":{"line":152,"column":30},"end":{"line":152,"column":38}},"25":{"start":{"line":153,"column":2},"end":{"line":228,"column":3}},"26":{"start":{"line":154,"column":27},"end":{"line":154,"column":67}},"27":{"start":{"line":155,"column":4},"end":{"line":223,"column":5}},"28":{"start":{"line":156,"column":32},"end":{"line":159,"column":7}},"29":{"start":{"line":160,"column":6},"end":{"line":218,"column":7}},"30":{"start":{"line":161,"column":24},"end":{"line":165,"column":9}},"31":{"start":{"line":166,"column":24},"end":{"line":168,"column":9}},"32":{"start":{"line":169,"column":23},"end":{"line":169,"column":70}},"33":{"start":{"line":170,"column":29},"end":{"line":170,"column":68}},"34":{"start":{"line":171,"column":8},"end":{"line":213,"column":11}},"35":{"start":{"line":215,"column":8},"end":{"line":217,"column":11}},"36":{"start":{"line":220,"column":6},"end":{"line":222,"column":79}},"37":{"start":{"line":225,"column":4},"end":{"line":227,"column":7}},"38":{"start":{"line":231,"column":0},"end":{"line":231,"column":24}}},"fnMap":{"0":{"name":"(anonymous_0)","decl":{"start":{"line":16,"column":50},"end":{"line":16,"column":51}},"loc":{"start":{"line":16,"column":70},"end":{"line":149,"column":1}},"line":16},"1":{"name":"(anonymous_1)","decl":{"start":{"line":151,"column":50},"end":{"line":151,"column":51}},"loc":{"start":{"line":151,"column":70},"end":{"line":229,"column":1}},"line":151}},"branchMap":{"0":{"loc":{"start":{"line":20,"column":4},"end":{"line":143,"column":5}},"type":"if","locations":[{"start":{"line":20,"column":4},"end":{"line":143,"column":5}},{"start":{"line":139,"column":11},"end":{"line":143,"column":5}}],"line":20},"1":{"loc":{"start":{"line":25,"column":6},"end":{"line":138,"column":7}},"type":"if","locations":[{"start":{"line":25,"column":6},"end":{"line":138,"column":7}},{"start":{"line":134,"column":13},"end":{"line":138,"column":7}}],"line":25},"2":{"loc":{"start":{"line":155,"column":4},"end":{"line":223,"column":5}},"type":"if","locations":[{"start":{"line":155,"column":4},"end":{"line":223,"column":5}},{"start":{"line":219,"column":11},"end":{"line":223,"column":5}}],"line":155},"3":{"loc":{"start":{"line":160,"column":6},"end":{"line":218,"column":7}},"type":"if","locations":[{"start":{"line":160,"column":6},"end":{"line":218,"column":7}},{"start":{"line":214,"column":13},"end":{"line":218,"column":7}}],"line":160}},"s":{"0":1,"1":1,"2":1,"3":1,"4":1,"5":1,"6":1,"7":1,"8":1,"9":1,"10":1,"11":1,"12":1,"13":1,"14":1,"15":0,"16":0,"17":0,"18":0,"19":0,"20":1,"21":0,"22":0,"23":1,"24":0,"25":0,"26":0,"27":0,"28":0,"29":0,"30":0,"31":0,"32":0,"33":0,"34":0,"35":0,"36":0,"37":0,"38":1},"f":{"0":1,"1":0},"b":{"0":[1,0],"1":[0,1],"2":[0,0],"3":[0,0]},"_coverageSchema":"1a1c01bbd47fc00a2c39e90264f33305004495a9","hash":"baf46a790e66ad3270c31ff3746aefe13332f629"}
,"C:\\Users\\DELL\\Desktop\\node\\routes\\paymentTypes.js": {"path":"C:\\Users\\DELL\\Desktop\\node\\routes\\paymentTypes.js","statementMap":{"0":{"start":{"line":1,"column":17},"end":{"line":1,"column":36}},"1":{"start":{"line":2,"column":16},"end":{"line":2,"column":34}},"2":{"start":{"line":3,"column":15},"end":{"line":3,"column":31}},"3":{"start":{"line":4,"column":31},"end":{"line":4,"column":70}},"4":{"start":{"line":5,"column":0},"end":{"line":5,"column":27}},"5":{"start":{"line":7,"column":20},"end":{"line":7,"column":53}},"6":{"start":{"line":9,"column":0},"end":{"line":26,"column":3}},"7":{"start":{"line":10,"column":2},"end":{"line":25,"column":3}},"8":{"start":{"line":11,"column":19},"end":{"line":15,"column":6}},"9":{"start":{"line":16,"column":4},"end":{"line":20,"column":7}},"10":{"start":{"line":22,"column":4},"end":{"line":24,"column":7}},"11":{"start":{"line":28,"column":0},"end":{"line":37,"column":3}},"12":{"start":{"line":29,"column":2},"end":{"line":36,"column":3}},"13":{"start":{"line":30,"column":19},"end":{"line":30,"column":63}},"14":{"start":{"line":31,"column":4},"end":{"line":31,"column":45}},"15":{"start":{"line":33,"column":4},"end":{"line":35,"column":7}},"16":{"start":{"line":39,"column":0},"end":{"line":52,"column":2}},"17":{"start":{"line":40,"column":4},"end":{"line":50,"column":5}},"18":{"start":{"line":41,"column":21},"end":{"line":44,"column":7}},"19":{"start":{"line":45,"column":6},"end":{"line":45,"column":39}},"20":{"start":{"line":47,"column":6},"end":{"line":49,"column":9}},"21":{"start":{"line":54,"column":0},"end":{"line":64,"column":2}},"22":{"start":{"line":55,"column":4},"end":{"line":62,"column":5}},"23":{"start":{"line":56,"column":21},"end":{"line":56,"column":64}},"24":{"start":{"line":57,"column":6},"end":{"line":57,"column":39}},"25":{"start":{"line":59,"column":6},"end":{"line":61,"column":9}},"26":{"start":{"line":66,"column":0},"end":{"line":80,"column":2}},"27":{"start":{"line":67,"column":4},"end":{"line":78,"column":5}},"28":{"start":{"line":68,"column":21},"end":{"line":68,"column":29}},"29":{"start":{"line":69,"column":22},"end":{"line":72,"column":7}},"30":{"start":{"line":73,"column":6},"end":{"line":73,"column":49}},"31":{"start":{"line":75,"column":6},"end":{"line":77,"column":9}},"32":{"start":{"line":82,"column":0},"end":{"line":82,"column":24}}},"fnMap":{"0":{"name":"(anonymous_0)","decl":{"start":{"line":9,"column":52},"end":{"line":9,"column":53}},"loc":{"start":{"line":9,"column":72},"end":{"line":26,"column":1}},"line":9},"1":{"name":"(anonymous_1)","decl":{"start":{"line":28,"column":34},"end":{"line":28,"column":35}},"loc":{"start":{"line":28,"column":54},"end":{"line":37,"column":1}},"line":28},"2":{"name":"(anonymous_2)","decl":{"start":{"line":39,"column":63},"end":{"line":39,"column":64}},"loc":{"start":{"line":39,"column":83},"end":{"line":51,"column":3}},"line":39},"3":{"name":"(anonymous_3)","decl":{"start":{"line":54,"column":61},"end":{"line":54,"column":62}},"loc":{"start":{"line":54,"column":81},"end":{"line":63,"column":3}},"line":54},"4":{"name":"(anonymous_4)","decl":{"start":{"line":66,"column":60},"end":{"line":66,"column":61}},"loc":{"start":{"line":66,"column":80},"end":{"line":79,"column":3}},"line":66}},"branchMap":{},"s":{"0":1,"1":1,"2":1,"3":1,"4":1,"5":1,"6":1,"7":0,"8":0,"9":0,"10":0,"11":1,"12":0,"13":0,"14":0,"15":0,"16":1,"17":0,"18":0,"19":0,"20":0,"21":1,"22":0,"23":0,"24":0,"25":0,"26":1,"27":0,"28":0,"29":0,"30":0,"31":0,"32":1},"f":{"0":0,"1":0,"2":0,"3":0,"4":0},"b":{},"_coverageSchema":"1a1c01bbd47fc00a2c39e90264f33305004495a9","hash":"1feb24a85c75a070e034ece0f640c99e86c57483"}
,"C:\\Users\\DELL\\Desktop\\node\\routes\\payments.js": {"path":"C:\\Users\\DELL\\Desktop\\node\\routes\\payments.js","statementMap":{"0":{"start":{"line":1,"column":17},"end":{"line":1,"column":36}},"1":{"start":{"line":2,"column":16},"end":{"line":2,"column":34}},"2":{"start":{"line":3,"column":15},"end":{"line":3,"column":31}},"3":{"start":{"line":7,"column":4},"end":{"line":7,"column":43}},"4":{"start":{"line":8,"column":0},"end":{"line":8,"column":27}},"5":{"start":{"line":10,"column":17},"end":{"line":10,"column":46}},"6":{"start":{"line":11,"column":16},"end":{"line":11,"column":44}},"7":{"start":{"line":13,"column":0},"end":{"line":44,"column":3}},"8":{"start":{"line":14,"column":2},"end":{"line":43,"column":3}},"9":{"start":{"line":15,"column":20},"end":{"line":15,"column":60}},"10":{"start":{"line":16,"column":4},"end":{"line":20,"column":5}},"11":{"start":{"line":17,"column":6},"end":{"line":19,"column":9}},"12":{"start":{"line":21,"column":17},"end":{"line":21,"column":29}},"13":{"start":{"line":23,"column":19},"end":{"line":29,"column":6}},"14":{"start":{"line":31,"column":4},"end":{"line":38,"column":7}},"15":{"start":{"line":40,"column":4},"end":{"line":42,"column":7}},"16":{"start":{"line":46,"column":0},"end":{"line":55,"column":3}},"17":{"start":{"line":47,"column":2},"end":{"line":54,"column":3}},"18":{"start":{"line":48,"column":19},"end":{"line":48,"column":60}},"19":{"start":{"line":49,"column":4},"end":{"line":49,"column":45}},"20":{"start":{"line":51,"column":4},"end":{"line":53,"column":7}},"21":{"start":{"line":57,"column":0},"end":{"line":70,"column":2}},"22":{"start":{"line":58,"column":4},"end":{"line":68,"column":5}},"23":{"start":{"line":59,"column":21},"end":{"line":62,"column":7}},"24":{"start":{"line":63,"column":6},"end":{"line":63,"column":39}},"25":{"start":{"line":65,"column":6},"end":{"line":67,"column":9}},"26":{"start":{"line":72,"column":0},"end":{"line":81,"column":3}},"27":{"start":{"line":73,"column":2},"end":{"line":80,"column":3}},"28":{"start":{"line":74,"column":19},"end":{"line":74,"column":59}},"29":{"start":{"line":75,"column":4},"end":{"line":75,"column":37}},"30":{"start":{"line":77,"column":4},"end":{"line":79,"column":7}},"31":{"start":{"line":83,"column":0},"end":{"line":96,"column":3}},"32":{"start":{"line":84,"column":2},"end":{"line":95,"column":3}},"33":{"start":{"line":85,"column":19},"end":{"line":85,"column":27}},"34":{"start":{"line":86,"column":20},"end":{"line":89,"column":5}},"35":{"start":{"line":90,"column":4},"end":{"line":90,"column":47}},"36":{"start":{"line":92,"column":4},"end":{"line":94,"column":7}},"37":{"start":{"line":98,"column":0},"end":{"line":98,"column":24}}},"fnMap":{"0":{"name":"(anonymous_0)","decl":{"start":{"line":13,"column":43},"end":{"line":13,"column":44}},"loc":{"start":{"line":13,"column":63},"end":{"line":44,"column":1}},"line":13},"1":{"name":"(anonymous_1)","decl":{"start":{"line":46,"column":50},"end":{"line":46,"column":51}},"loc":{"start":{"line":46,"column":70},"end":{"line":55,"column":1}},"line":46},"2":{"name":"(anonymous_2)","decl":{"start":{"line":57,"column":60},"end":{"line":57,"column":61}},"loc":{"start":{"line":57,"column":80},"end":{"line":69,"column":3}},"line":57},"3":{"name":"(anonymous_3)","decl":{"start":{"line":72,"column":57},"end":{"line":72,"column":58}},"loc":{"start":{"line":72,"column":77},"end":{"line":81,"column":1}},"line":72},"4":{"name":"(anonymous_4)","decl":{"start":{"line":83,"column":56},"end":{"line":83,"column":57}},"loc":{"start":{"line":83,"column":76},"end":{"line":96,"column":1}},"line":83}},"branchMap":{"0":{"loc":{"start":{"line":16,"column":4},"end":{"line":20,"column":5}},"type":"if","locations":[{"start":{"line":16,"column":4},"end":{"line":20,"column":5}},{"start":{},"end":{}}],"line":16}},"s":{"0":1,"1":1,"2":1,"3":1,"4":1,"5":1,"6":1,"7":1,"8":0,"9":0,"10":0,"11":0,"12":0,"13":0,"14":0,"15":0,"16":1,"17":0,"18":0,"19":0,"20":0,"21":1,"22":0,"23":0,"24":0,"25":0,"26":1,"27":0,"28":0,"29":0,"30":0,"31":1,"32":0,"33":0,"34":0,"35":0,"36":0,"37":1},"f":{"0":0,"1":0,"2":0,"3":0,"4":0},"b":{"0":[0,0]},"_coverageSchema":"1a1c01bbd47fc00a2c39e90264f33305004495a9","hash":"09fd19ae1dc63aa09f1ab571874380427a9eb6eb"}
,"C:\\Users\\DELL\\Desktop\\node\\routes\\seats.js": {"path":"C:\\Users\\DELL\\Desktop\\node\\routes\\seats.js","statementMap":{"0":{"start":{"line":1,"column":17},"end":{"line":1,"column":36}},"1":{"start":{"line":2,"column":16},"end":{"line":2,"column":34}},"2":{"start":{"line":3,"column":15},"end":{"line":3,"column":31}},"3":{"start":{"line":7,"column":4},"end":{"line":7,"column":43}},"4":{"start":{"line":8,"column":0},"end":{"line":8,"column":27}},"5":{"start":{"line":10,"column":14},"end":{"line":10,"column":40}},"6":{"start":{"line":12,"column":0},"end":{"line":31,"column":3}},"7":{"start":{"line":13,"column":2},"end":{"line":30,"column":3}},"8":{"start":{"line":14,"column":19},"end":{"line":19,"column":6}},"9":{"start":{"line":20,"column":4},"end":{"line":25,"column":7}},"10":{"start":{"line":27,"column":4},"end":{"line":29,"column":7}},"11":{"start":{"line":33,"column":0},"end":{"line":48,"column":3}},"12":{"start":{"line":34,"column":2},"end":{"line":47,"column":3}},"13":{"start":{"line":35,"column":19},"end":{"line":35,"column":57}},"14":{"start":{"line":36,"column":4},"end":{"line":42,"column":7}},"15":{"start":{"line":44,"column":4},"end":{"line":46,"column":7}},"16":{"start":{"line":50,"column":0},"end":{"line":62,"column":3}},"17":{"start":{"line":51,"column":2},"end":{"line":61,"column":3}},"18":{"start":{"line":52,"column":19},"end":{"line":55,"column":5}},"19":{"start":{"line":56,"column":4},"end":{"line":56,"column":69}},"20":{"start":{"line":58,"column":4},"end":{"line":60,"column":7}},"21":{"start":{"line":64,"column":0},"end":{"line":73,"column":3}},"22":{"start":{"line":65,"column":2},"end":{"line":72,"column":3}},"23":{"start":{"line":66,"column":19},"end":{"line":66,"column":56}},"24":{"start":{"line":67,"column":4},"end":{"line":67,"column":67}},"25":{"start":{"line":69,"column":4},"end":{"line":71,"column":7}},"26":{"start":{"line":75,"column":0},"end":{"line":88,"column":3}},"27":{"start":{"line":76,"column":2},"end":{"line":87,"column":3}},"28":{"start":{"line":77,"column":19},"end":{"line":77,"column":27}},"29":{"start":{"line":78,"column":20},"end":{"line":81,"column":5}},"30":{"start":{"line":82,"column":4},"end":{"line":82,"column":47}},"31":{"start":{"line":84,"column":4},"end":{"line":86,"column":7}},"32":{"start":{"line":90,"column":0},"end":{"line":90,"column":24}}},"fnMap":{"0":{"name":"(anonymous_0)","decl":{"start":{"line":12,"column":45},"end":{"line":12,"column":46}},"loc":{"start":{"line":12,"column":65},"end":{"line":31,"column":1}},"line":12},"1":{"name":"(anonymous_1)","decl":{"start":{"line":33,"column":43},"end":{"line":33,"column":44}},"loc":{"start":{"line":33,"column":63},"end":{"line":48,"column":1}},"line":33},"2":{"name":"(anonymous_2)","decl":{"start":{"line":50,"column":57},"end":{"line":50,"column":58}},"loc":{"start":{"line":50,"column":77},"end":{"line":62,"column":1}},"line":50},"3":{"name":"(anonymous_3)","decl":{"start":{"line":64,"column":54},"end":{"line":64,"column":55}},"loc":{"start":{"line":64,"column":74},"end":{"line":73,"column":1}},"line":64},"4":{"name":"(anonymous_4)","decl":{"start":{"line":75,"column":53},"end":{"line":75,"column":54}},"loc":{"start":{"line":75,"column":73},"end":{"line":88,"column":1}},"line":75}},"branchMap":{},"s":{"0":1,"1":1,"2":1,"3":1,"4":1,"5":1,"6":1,"7":0,"8":0,"9":0,"10":0,"11":1,"12":0,"13":0,"14":0,"15":0,"16":1,"17":0,"18":0,"19":0,"20":0,"21":1,"22":0,"23":0,"24":0,"25":0,"26":1,"27":0,"28":0,"29":0,"30":0,"31":0,"32":1},"f":{"0":0,"1":0,"2":0,"3":0,"4":0},"b":{},"_coverageSchema":"1a1c01bbd47fc00a2c39e90264f33305004495a9","hash":"112aa766b5a6b56eb64b8adb3afb0e185c999e72"}
,"C:\\Users\\DELL\\Desktop\\node\\routes\\stops.js": {"path":"C:\\Users\\DELL\\Desktop\\node\\routes\\stops.js","statementMap":{"0":{"start":{"line":1,"column":17},"end":{"line":1,"column":36}},"1":{"start":{"line":2,"column":16},"end":{"line":2,"column":34}},"2":{"start":{"line":3,"column":15},"end":{"line":3,"column":31}},"3":{"start":{"line":7,"column":4},"end":{"line":7,"column":43}},"4":{"start":{"line":8,"column":0},"end":{"line":8,"column":27}},"5":{"start":{"line":10,"column":14},"end":{"line":10,"column":40}},"6":{"start":{"line":12,"column":0},"end":{"line":31,"column":3}},"7":{"start":{"line":13,"column":2},"end":{"line":30,"column":3}},"8":{"start":{"line":14,"column":19},"end":{"line":19,"column":6}},"9":{"start":{"line":20,"column":4},"end":{"line":25,"column":7}},"10":{"start":{"line":27,"column":4},"end":{"line":29,"column":7}},"11":{"start":{"line":33,"column":0},"end":{"line":48,"column":3}},"12":{"start":{"line":34,"column":2},"end":{"line":47,"column":3}},"13":{"start":{"line":35,"column":19},"end":{"line":35,"column":57}},"14":{"start":{"line":36,"column":4},"end":{"line":42,"column":7}},"15":{"start":{"line":44,"column":4},"end":{"line":46,"column":7}},"16":{"start":{"line":50,"column":0},"end":{"line":62,"column":3}},"17":{"start":{"line":51,"column":2},"end":{"line":61,"column":3}},"18":{"start":{"line":52,"column":19},"end":{"line":55,"column":5}},"19":{"start":{"line":56,"column":4},"end":{"line":56,"column":69}},"20":{"start":{"line":58,"column":4},"end":{"line":60,"column":7}},"21":{"start":{"line":64,"column":0},"end":{"line":73,"column":3}},"22":{"start":{"line":65,"column":2},"end":{"line":72,"column":3}},"23":{"start":{"line":66,"column":19},"end":{"line":66,"column":56}},"24":{"start":{"line":67,"column":4},"end":{"line":67,"column":67}},"25":{"start":{"line":69,"column":4},"end":{"line":71,"column":7}},"26":{"start":{"line":75,"column":0},"end":{"line":88,"column":3}},"27":{"start":{"line":76,"column":2},"end":{"line":87,"column":3}},"28":{"start":{"line":77,"column":19},"end":{"line":77,"column":27}},"29":{"start":{"line":78,"column":20},"end":{"line":81,"column":5}},"30":{"start":{"line":82,"column":4},"end":{"line":82,"column":47}},"31":{"start":{"line":84,"column":4},"end":{"line":86,"column":7}},"32":{"start":{"line":90,"column":0},"end":{"line":90,"column":24}}},"fnMap":{"0":{"name":"(anonymous_0)","decl":{"start":{"line":12,"column":45},"end":{"line":12,"column":46}},"loc":{"start":{"line":12,"column":65},"end":{"line":31,"column":1}},"line":12},"1":{"name":"(anonymous_1)","decl":{"start":{"line":33,"column":43},"end":{"line":33,"column":44}},"loc":{"start":{"line":33,"column":63},"end":{"line":48,"column":1}},"line":33},"2":{"name":"(anonymous_2)","decl":{"start":{"line":50,"column":56},"end":{"line":50,"column":57}},"loc":{"start":{"line":50,"column":76},"end":{"line":62,"column":1}},"line":50},"3":{"name":"(anonymous_3)","decl":{"start":{"line":64,"column":54},"end":{"line":64,"column":55}},"loc":{"start":{"line":64,"column":74},"end":{"line":73,"column":1}},"line":64},"4":{"name":"(anonymous_4)","decl":{"start":{"line":75,"column":53},"end":{"line":75,"column":54}},"loc":{"start":{"line":75,"column":73},"end":{"line":88,"column":1}},"line":75}},"branchMap":{},"s":{"0":1,"1":1,"2":1,"3":1,"4":1,"5":1,"6":1,"7":0,"8":0,"9":0,"10":0,"11":1,"12":0,"13":0,"14":0,"15":0,"16":1,"17":0,"18":0,"19":0,"20":0,"21":1,"22":0,"23":0,"24":0,"25":0,"26":1,"27":0,"28":0,"29":0,"30":0,"31":0,"32":1},"f":{"0":0,"1":0,"2":0,"3":0,"4":0},"b":{},"_coverageSchema":"1a1c01bbd47fc00a2c39e90264f33305004495a9","hash":"14d14e4ee32b1a6e0939f6fc25f82f6be2d5ab79"}
,"C:\\Users\\DELL\\Desktop\\node\\routes\\tax.js": {"path":"C:\\Users\\DELL\\Desktop\\node\\routes\\tax.js","statementMap":{"0":{"start":{"line":1,"column":17},"end":{"line":1,"column":36}},"1":{"start":{"line":2,"column":16},"end":{"line":2,"column":34}},"2":{"start":{"line":3,"column":15},"end":{"line":3,"column":31}},"3":{"start":{"line":4,"column":31},"end":{"line":4,"column":70}},"4":{"start":{"line":5,"column":0},"end":{"line":5,"column":27}},"5":{"start":{"line":7,"column":14},"end":{"line":7,"column":38}},"6":{"start":{"line":9,"column":0},"end":{"line":32,"column":3}},"7":{"start":{"line":10,"column":2},"end":{"line":31,"column":3}},"8":{"start":{"line":11,"column":19},"end":{"line":18,"column":6}},"9":{"start":{"line":19,"column":4},"end":{"line":26,"column":7}},"10":{"start":{"line":28,"column":4},"end":{"line":30,"column":7}},"11":{"start":{"line":34,"column":0},"end":{"line":43,"column":3}},"12":{"start":{"line":35,"column":2},"end":{"line":42,"column":3}},"13":{"start":{"line":36,"column":19},"end":{"line":36,"column":57}},"14":{"start":{"line":37,"column":4},"end":{"line":37,"column":59}},"15":{"start":{"line":39,"column":4},"end":{"line":41,"column":7}},"16":{"start":{"line":45,"column":0},"end":{"line":57,"column":3}},"17":{"start":{"line":46,"column":2},"end":{"line":56,"column":3}},"18":{"start":{"line":47,"column":19},"end":{"line":50,"column":5}},"19":{"start":{"line":51,"column":4},"end":{"line":51,"column":69}},"20":{"start":{"line":53,"column":4},"end":{"line":55,"column":7}},"21":{"start":{"line":59,"column":0},"end":{"line":68,"column":3}},"22":{"start":{"line":60,"column":2},"end":{"line":67,"column":3}},"23":{"start":{"line":61,"column":19},"end":{"line":61,"column":56}},"24":{"start":{"line":62,"column":4},"end":{"line":62,"column":78}},"25":{"start":{"line":64,"column":4},"end":{"line":66,"column":7}},"26":{"start":{"line":70,"column":0},"end":{"line":83,"column":3}},"27":{"start":{"line":71,"column":2},"end":{"line":82,"column":3}},"28":{"start":{"line":72,"column":19},"end":{"line":72,"column":27}},"29":{"start":{"line":73,"column":20},"end":{"line":76,"column":5}},"30":{"start":{"line":77,"column":4},"end":{"line":77,"column":47}},"31":{"start":{"line":79,"column":4},"end":{"line":81,"column":7}},"32":{"start":{"line":85,"column":0},"end":{"line":85,"column":24}}},"fnMap":{"0":{"name":"(anonymous_0)","decl":{"start":{"line":9,"column":45},"end":{"line":9,"column":46}},"loc":{"start":{"line":9,"column":65},"end":{"line":32,"column":1}},"line":9},"1":{"name":"(anonymous_1)","decl":{"start":{"line":34,"column":47},"end":{"line":34,"column":48}},"loc":{"start":{"line":34,"column":67},"end":{"line":43,"column":1}},"line":34},"2":{"name":"(anonymous_2)","decl":{"start":{"line":45,"column":51},"end":{"line":45,"column":52}},"loc":{"start":{"line":45,"column":71},"end":{"line":57,"column":1}},"line":45},"3":{"name":"(anonymous_3)","decl":{"start":{"line":59,"column":54},"end":{"line":59,"column":55}},"loc":{"start":{"line":59,"column":74},"end":{"line":68,"column":1}},"line":59},"4":{"name":"(anonymous_4)","decl":{"start":{"line":70,"column":51},"end":{"line":70,"column":52}},"loc":{"start":{"line":70,"column":71},"end":{"line":83,"column":1}},"line":70}},"branchMap":{},"s":{"0":1,"1":1,"2":1,"3":1,"4":1,"5":1,"6":1,"7":0,"8":0,"9":0,"10":0,"11":1,"12":0,"13":0,"14":0,"15":0,"16":1,"17":0,"18":0,"19":0,"20":0,"21":1,"22":0,"23":0,"24":0,"25":0,"26":1,"27":0,"28":0,"29":0,"30":0,"31":0,"32":1},"f":{"0":0,"1":0,"2":0,"3":0,"4":0},"b":{},"_coverageSchema":"1a1c01bbd47fc00a2c39e90264f33305004495a9","hash":"6e7f13126a1b76873b2af4c3a65813628a5069f9"}
}
