TN:
SF:app.js
FN:42,(anonymous_0)
FNF:1
FNH:0
FNDA:0,(anonymous_0)
DA:1,1
DA:4,1
DA:6,1
DA:7,1
DA:8,1
DA:10,1
DA:12,1
DA:13,1
DA:14,1
DA:15,1
DA:16,1
DA:17,1
DA:18,1
DA:19,1
DA:20,1
DA:21,1
DA:22,1
DA:23,1
DA:24,1
DA:26,1
DA:28,1
DA:29,1
DA:30,1
DA:31,1
DA:32,1
DA:33,1
DA:34,1
DA:35,1
DA:36,1
DA:37,1
DA:38,1
DA:39,1
DA:40,1
DA:42,1
DA:43,0
DA:64,1
LF:36
LH:35
BRF:0
BRH:0
end_of_record
TN:
SF:jest_config\Tokens.js
FNF:0
FNH:0
DA:1,1
DA:7,1
LF:2
LH:2
BRF:0
BRH:0
end_of_record
TN:
SF:jest_config\jest_connect.js
FN:6,(anonymous_0)
FN:13,(anonymous_1)
FNF:2
FNH:2
FNDA:1,(anonymous_0)
FNDA:1,(anonymous_1)
DA:1,1
DA:3,1
DA:6,1
DA:7,1
DA:13,1
DA:14,1
LF:6
LH:6
BRF:0
BRH:0
end_of_record
TN:
SF:middleware\authMiddleware.js
FN:6,(anonymous_0)
FN:38,(anonymous_1)
FN:64,(anonymous_2)
FNF:3
FNH:1
FNDA:0,(anonymous_0)
FNDA:0,(anonymous_1)
FNDA:1,(anonymous_2)
DA:1,1
DA:2,1
DA:4,1
DA:6,1
DA:7,0
DA:8,0
DA:9,0
DA:10,0
DA:12,0
DA:18,0
DA:23,0
DA:25,0
DA:31,0
DA:38,1
DA:39,0
DA:40,0
DA:41,0
DA:42,0
DA:43,0
DA:44,0
DA:49,0
DA:51,0
DA:57,0
DA:64,1
DA:65,1
DA:66,1
DA:67,1
DA:68,1
DA:70,1
DA:71,1
DA:76,1
DA:78,0
DA:84,0
DA:91,1
LF:34
LH:14
BRDA:12,0,0,0
BRDA:12,0,1,0
BRDA:13,1,0,0
BRDA:13,1,1,0
BRDA:13,1,2,0
BRDA:13,1,3,0
BRDA:43,2,0,0
BRDA:43,2,1,0
BRDA:43,3,0,0
BRDA:43,3,1,0
BRDA:70,4,0,1
BRDA:70,4,1,0
BRDA:70,5,0,1
BRDA:70,5,1,0
BRDA:70,5,2,0
BRF:15
BRH:2
end_of_record
TN:
SF:models\booking.js
FN:29,(anonymous_0)
FN:32,(anonymous_1)
FN:51,(anonymous_2)
FNF:3
FNH:0
FNDA:0,(anonymous_0)
FNDA:0,(anonymous_1)
FNDA:0,(anonymous_2)
DA:1,1
DA:2,1
DA:4,1
DA:30,0
DA:32,0
DA:48,1
DA:50,1
DA:52,0
DA:53,0
DA:59,1
LF:10
LH:6
BRF:0
BRH:0
end_of_record
TN:
SF:models\bus.js
FN:53,(anonymous_0)
FNF:1
FNH:0
FNDA:0,(anonymous_0)
DA:1,1
DA:2,1
DA:4,1
DA:50,1
DA:52,1
DA:54,0
DA:55,0
DA:60,1
LF:8
LH:6
BRF:0
BRH:0
end_of_record
TN:
SF:models\coupons.js
FN:32,(anonymous_0)
FNF:1
FNH:0
FNDA:0,(anonymous_0)
DA:1,1
DA:3,1
DA:31,1
DA:33,0
DA:34,0
DA:39,1
LF:6
LH:4
BRF:0
BRH:0
end_of_record
TN:
SF:models\customer.js
FN:25,(anonymous_0)
FNF:1
FNH:0
FNDA:0,(anonymous_0)
DA:1,1
DA:3,1
DA:24,1
DA:26,0
DA:27,0
DA:32,1
LF:6
LH:4
BRF:0
BRH:0
end_of_record
TN:
SF:models\employee.js
FN:29,(anonymous_0)
FNF:1
FNH:0
FNDA:0,(anonymous_0)
DA:1,1
DA:3,1
DA:28,1
DA:30,0
DA:31,0
DA:36,1
LF:6
LH:4
BRF:0
BRH:0
end_of_record
TN:
SF:models\journey.js
FN:32,(anonymous_0)
FNF:1
FNH:0
FNDA:0,(anonymous_0)
DA:1,1
DA:3,1
DA:31,1
DA:33,0
DA:34,0
DA:39,1
LF:6
LH:4
BRF:0
BRH:0
end_of_record
TN:
SF:models\journeyStops.js
FN:39,(anonymous_0)
FNF:1
FNH:0
FNDA:0,(anonymous_0)
DA:1,1
DA:2,1
DA:4,1
DA:36,1
DA:38,1
DA:40,0
DA:41,0
DA:46,1
LF:8
LH:6
BRF:0
BRH:0
end_of_record
TN:
SF:models\paymentTypes.js
FN:27,(anonymous_0)
FNF:1
FNH:0
FNDA:0,(anonymous_0)
DA:1,1
DA:3,1
DA:26,1
DA:28,0
DA:29,0
DA:34,1
LF:6
LH:4
BRF:0
BRH:0
end_of_record
TN:
SF:models\payments.js
FN:36,(anonymous_0)
FNF:1
FNH:0
FNDA:0,(anonymous_0)
DA:1,1
DA:3,1
DA:35,1
DA:37,0
DA:38,0
DA:43,1
LF:6
LH:4
BRF:0
BRH:0
end_of_record
TN:
SF:models\seats.js
FN:27,(anonymous_0)
FNF:1
FNH:0
FNDA:0,(anonymous_0)
DA:1,1
DA:3,1
DA:26,1
DA:28,0
DA:29,0
DA:34,1
LF:6
LH:4
BRF:0
BRH:0
end_of_record
TN:
SF:models\stops.js
FN:28,(anonymous_0)
FNF:1
FNH:0
FNDA:0,(anonymous_0)
DA:1,1
DA:3,1
DA:27,1
DA:29,0
DA:30,0
DA:35,1
LF:6
LH:4
BRF:0
BRH:0
end_of_record
TN:
SF:models\tax.js
FN:30,(anonymous_0)
FNF:1
FNH:0
FNDA:0,(anonymous_0)
DA:1,1
DA:3,1
DA:29,1
DA:31,0
DA:32,0
DA:37,1
LF:6
LH:4
BRF:0
BRH:0
end_of_record
TN:
SF:routes\booking.js
FN:13,(anonymous_0)
FN:57,(anonymous_1)
FN:68,(anonymous_2)
FN:89,(anonymous_3)
FN:100,(anonymous_4)
FNF:5
FNH:0
FNDA:0,(anonymous_0)
FNDA:0,(anonymous_1)
FNDA:0,(anonymous_2)
FNDA:0,(anonymous_3)
FNDA:0,(anonymous_4)
DA:1,1
DA:2,1
DA:3,1
DA:4,1
DA:5,1
DA:6,1
DA:11,1
DA:13,1
DA:14,0
DA:15,0
DA:16,0
DA:20,0
DA:21,0
DA:26,0
DA:27,0
DA:28,0
DA:33,0
DA:34,0
DA:36,0
DA:46,0
DA:47,0
DA:51,0
DA:57,1
DA:58,0
DA:59,0
DA:60,0
DA:62,0
DA:68,1
DA:69,0
DA:70,0
DA:74,0
DA:75,0
DA:79,0
DA:83,0
DA:89,1
DA:90,0
DA:91,0
DA:92,0
DA:94,0
DA:100,1
DA:101,0
DA:102,0
DA:103,0
DA:107,0
DA:109,0
DA:115,1
LF:46
LH:13
BRDA:20,0,0,0
BRDA:20,0,1,0
BRDA:27,1,0,0
BRDA:27,1,1,0
BRDA:74,2,0,0
BRDA:74,2,1,0
BRF:6
BRH:0
end_of_record
TN:
SF:routes\bus.js
FN:13,(anonymous_0)
FN:43,(anonymous_1)
FN:55,(anonymous_2)
FN:63,(anonymous_3)
FN:87,(anonymous_4)
FN:103,(anonymous_5)
FN:114,(anonymous_6)
FNF:7
FNH:0
FNDA:0,(anonymous_0)
FNDA:0,(anonymous_1)
FNDA:0,(anonymous_2)
FNDA:0,(anonymous_3)
FNDA:0,(anonymous_4)
FNDA:0,(anonymous_5)
FNDA:0,(anonymous_6)
DA:1,1
DA:2,1
DA:3,1
DA:8,1
DA:10,1
DA:11,1
DA:13,1
DA:14,0
DA:15,0
DA:16,0
DA:17,0
DA:22,0
DA:34,0
DA:35,0
DA:37,0
DA:43,1
DA:44,0
DA:45,0
DA:47,0
DA:49,0
DA:55,1
DA:56,0
DA:57,0
DA:62,0
DA:64,0
DA:65,0
DA:73,0
DA:81,0
DA:87,1
DA:88,0
DA:89,0
DA:92,0
DA:97,0
DA:103,1
DA:104,0
DA:105,0
DA:106,0
DA:108,0
DA:114,1
DA:115,0
DA:116,0
DA:117,0
DA:121,0
DA:123,0
DA:129,1
LF:45
LH:13
BRDA:16,0,0,0
BRDA:16,0,1,0
BRF:2
BRH:0
end_of_record
TN:
SF:routes\coupons.js
FN:12,(anonymous_0)
FN:41,(anonymous_1)
FN:52,(anonymous_2)
FN:66,(anonymous_3)
FN:77,(anonymous_4)
FNF:5
FNH:0
FNDA:0,(anonymous_0)
FNDA:0,(anonymous_1)
FNDA:0,(anonymous_2)
FNDA:0,(anonymous_3)
FNDA:0,(anonymous_4)
DA:1,1
DA:2,1
DA:3,1
DA:7,1
DA:8,1
DA:10,1
DA:12,1
DA:13,0
DA:14,0
DA:24,0
DA:35,0
DA:41,1
DA:42,0
DA:43,0
DA:44,0
DA:46,0
DA:52,1
DA:53,0
DA:54,0
DA:58,0
DA:60,0
DA:66,1
DA:67,0
DA:68,0
DA:69,0
DA:71,0
DA:77,1
DA:78,0
DA:79,0
DA:80,0
DA:84,0
DA:86,0
DA:92,1
LF:33
LH:12
BRF:0
BRH:0
end_of_record
TN:
SF:routes\customer.js
FN:12,(anonymous_0)
FN:23,(anonymous_1)
FN:65,(anonymous_2)
FN:87,(anonymous_3)
FN:114,(anonymous_4)
FN:125,(anonymous_5)
FNF:6
FNH:0
FNDA:0,(anonymous_0)
FNDA:0,(anonymous_1)
FNDA:0,(anonymous_2)
FNDA:0,(anonymous_3)
FNDA:0,(anonymous_4)
FNDA:0,(anonymous_5)
DA:1,1
DA:2,1
DA:3,1
DA:4,1
DA:5,1
DA:6,1
DA:10,1
DA:12,1
DA:13,0
DA:14,0
DA:15,0
DA:17,0
DA:23,1
DA:24,0
DA:25,0
DA:26,0
DA:27,0
DA:28,0
DA:32,0
DA:33,0
DA:41,0
DA:46,0
DA:49,0
DA:50,0
DA:59,0
DA:65,1
DA:66,0
DA:67,0
DA:68,0
DA:69,0
DA:73,0
DA:81,0
DA:87,1
DA:88,0
DA:89,0
DA:93,0
DA:94,0
DA:98,0
DA:99,0
DA:107,0
DA:114,1
DA:115,0
DA:116,0
DA:117,0
DA:119,0
DA:125,1
DA:126,0
DA:127,0
DA:128,0
DA:132,0
DA:134,0
DA:139,1
LF:52
LH:14
BRDA:27,0,0,0
BRDA:27,0,1,0
BRDA:68,1,0,0
BRDA:68,1,1,0
BRDA:93,2,0,0
BRDA:93,2,1,0
BRF:6
BRH:0
end_of_record
TN:
SF:routes\employee.js
FN:11,(anonymous_0)
FN:22,(anonymous_1)
FN:44,(anonymous_2)
FN:87,(anonymous_3)
FN:114,(anonymous_4)
FN:125,(anonymous_5)
FNF:6
FNH:0
FNDA:0,(anonymous_0)
FNDA:0,(anonymous_1)
FNDA:0,(anonymous_2)
FNDA:0,(anonymous_3)
FNDA:0,(anonymous_4)
FNDA:0,(anonymous_5)
DA:1,1
DA:2,1
DA:3,1
DA:4,1
DA:5,1
DA:6,1
DA:8,1
DA:9,1
DA:11,1
DA:12,0
DA:13,0
DA:14,0
DA:16,0
DA:22,1
DA:23,0
DA:24,0
DA:25,0
DA:26,0
DA:30,0
DA:38,0
DA:44,1
DA:45,0
DA:46,0
DA:47,0
DA:48,0
DA:49,0
DA:53,0
DA:54,0
DA:62,0
DA:67,0
DA:70,0
DA:72,0
DA:81,0
DA:87,1
DA:88,0
DA:89,0
DA:93,0
DA:94,0
DA:98,0
DA:99,0
DA:107,0
DA:114,1
DA:115,0
DA:116,0
DA:117,0
DA:119,0
DA:125,1
DA:126,0
DA:127,0
DA:128,0
DA:132,0
DA:134,0
DA:140,1
LF:53
LH:15
BRDA:25,0,0,0
BRDA:25,0,1,0
BRDA:48,1,0,0
BRDA:48,1,1,0
BRDA:93,2,0,0
BRDA:93,2,1,0
BRF:6
BRH:0
end_of_record
TN:
SF:routes\journey.js
FN:15,(anonymous_0)
FN:66,(anonymous_1)
FN:83,(anonymous_2)
FN:100,(anonymous_3)
FN:114,(anonymous_4)
FNF:5
FNH:0
FNDA:0,(anonymous_0)
FNDA:0,(anonymous_1)
FNDA:0,(anonymous_2)
FNDA:0,(anonymous_3)
FNDA:0,(anonymous_4)
DA:1,1
DA:2,1
DA:3,1
DA:7,1
DA:8,1
DA:10,1
DA:11,1
DA:12,1
DA:13,1
DA:15,1
DA:16,0
DA:17,0
DA:18,0
DA:19,0
DA:21,0
DA:22,0
DA:25,0
DA:26,0
DA:27,0
DA:28,0
DA:29,0
DA:31,0
DA:33,0
DA:34,0
DA:35,0
DA:38,0
DA:49,0
DA:60,0
DA:66,1
DA:67,0
DA:68,0
DA:73,0
DA:77,0
DA:83,1
DA:84,0
DA:85,0
DA:92,0
DA:94,0
DA:100,1
DA:101,0
DA:102,0
DA:106,0
DA:108,0
DA:114,1
DA:115,0
DA:116,0
DA:117,0
DA:121,0
DA:123,0
DA:129,1
LF:50
LH:15
BRDA:21,0,0,0
BRDA:21,0,1,0
BRDA:21,1,0,0
BRDA:21,1,1,0
BRDA:33,2,0,0
BRDA:33,2,1,0
BRF:6
BRH:0
end_of_record
TN:
SF:routes\journeyStops.js
FN:12,(anonymous_0)
FN:34,(anonymous_1)
FN:45,(anonymous_2)
FN:60,(anonymous_3)
FNF:4
FNH:0
FNDA:0,(anonymous_0)
FNDA:0,(anonymous_1)
FNDA:0,(anonymous_2)
FNDA:0,(anonymous_3)
DA:1,1
DA:2,1
DA:3,1
DA:7,1
DA:8,1
DA:10,1
DA:12,1
DA:13,0
DA:14,0
DA:20,0
DA:28,0
DA:34,1
DA:35,0
DA:36,0
DA:37,0
DA:39,0
DA:45,1
DA:46,0
DA:47,0
DA:51,0
DA:53,0
DA:60,1
DA:61,0
DA:62,0
DA:63,0
DA:65,0
DA:72,1
LF:27
LH:11
BRF:0
BRH:0
end_of_record
TN:
SF:routes\login.js
FN:16,(anonymous_0)
FN:151,(anonymous_1)
FNF:2
FNH:1
FNDA:1,(anonymous_0)
FNDA:0,(anonymous_1)
DA:1,1
DA:2,1
DA:3,1
DA:4,1
DA:6,1
DA:11,1
DA:13,1
DA:14,1
DA:16,1
DA:17,1
DA:18,1
DA:19,1
DA:20,1
DA:21,1
DA:25,1
DA:26,0
DA:31,0
DA:35,0
DA:37,0
DA:38,0
DA:135,1
DA:140,0
DA:145,0
DA:151,1
DA:152,0
DA:153,0
DA:154,0
DA:155,0
DA:156,0
DA:160,0
DA:161,0
DA:166,0
DA:169,0
DA:170,0
DA:171,0
DA:215,0
DA:220,0
DA:225,0
DA:231,1
LF:39
LH:18
BRDA:20,0,0,1
BRDA:20,0,1,0
BRDA:25,1,0,0
BRDA:25,1,1,1
BRDA:155,2,0,0
BRDA:155,2,1,0
BRDA:160,3,0,0
BRDA:160,3,1,0
BRF:8
BRH:2
end_of_record
TN:
SF:routes\paymentTypes.js
FN:9,(anonymous_0)
FN:28,(anonymous_1)
FN:39,(anonymous_2)
FN:54,(anonymous_3)
FN:66,(anonymous_4)
FNF:5
FNH:0
FNDA:0,(anonymous_0)
FNDA:0,(anonymous_1)
FNDA:0,(anonymous_2)
FNDA:0,(anonymous_3)
FNDA:0,(anonymous_4)
DA:1,1
DA:2,1
DA:3,1
DA:4,1
DA:5,1
DA:7,1
DA:9,1
DA:10,0
DA:11,0
DA:16,0
DA:22,0
DA:28,1
DA:29,0
DA:30,0
DA:31,0
DA:33,0
DA:39,1
DA:40,0
DA:41,0
DA:45,0
DA:47,0
DA:54,1
DA:55,0
DA:56,0
DA:57,0
DA:59,0
DA:66,1
DA:67,0
DA:68,0
DA:69,0
DA:73,0
DA:75,0
DA:82,1
LF:33
LH:12
BRF:0
BRH:0
end_of_record
TN:
SF:routes\payments.js
FN:13,(anonymous_0)
FN:46,(anonymous_1)
FN:57,(anonymous_2)
FN:72,(anonymous_3)
FN:83,(anonymous_4)
FNF:5
FNH:0
FNDA:0,(anonymous_0)
FNDA:0,(anonymous_1)
FNDA:0,(anonymous_2)
FNDA:0,(anonymous_3)
FNDA:0,(anonymous_4)
DA:1,1
DA:2,1
DA:3,1
DA:7,1
DA:8,1
DA:10,1
DA:11,1
DA:13,1
DA:14,0
DA:15,0
DA:16,0
DA:17,0
DA:21,0
DA:23,0
DA:31,0
DA:40,0
DA:46,1
DA:47,0
DA:48,0
DA:49,0
DA:51,0
DA:57,1
DA:58,0
DA:59,0
DA:63,0
DA:65,0
DA:72,1
DA:73,0
DA:74,0
DA:75,0
DA:77,0
DA:83,1
DA:84,0
DA:85,0
DA:86,0
DA:90,0
DA:92,0
DA:98,1
LF:38
LH:13
BRDA:16,0,0,0
BRDA:16,0,1,0
BRF:2
BRH:0
end_of_record
TN:
SF:routes\seats.js
FN:12,(anonymous_0)
FN:33,(anonymous_1)
FN:50,(anonymous_2)
FN:64,(anonymous_3)
FN:75,(anonymous_4)
FNF:5
FNH:0
FNDA:0,(anonymous_0)
FNDA:0,(anonymous_1)
FNDA:0,(anonymous_2)
FNDA:0,(anonymous_3)
FNDA:0,(anonymous_4)
DA:1,1
DA:2,1
DA:3,1
DA:7,1
DA:8,1
DA:10,1
DA:12,1
DA:13,0
DA:14,0
DA:20,0
DA:27,0
DA:33,1
DA:34,0
DA:35,0
DA:36,0
DA:44,0
DA:50,1
DA:51,0
DA:52,0
DA:56,0
DA:58,0
DA:64,1
DA:65,0
DA:66,0
DA:67,0
DA:69,0
DA:75,1
DA:76,0
DA:77,0
DA:78,0
DA:82,0
DA:84,0
DA:90,1
LF:33
LH:12
BRF:0
BRH:0
end_of_record
TN:
SF:routes\stops.js
FN:12,(anonymous_0)
FN:33,(anonymous_1)
FN:50,(anonymous_2)
FN:64,(anonymous_3)
FN:75,(anonymous_4)
FNF:5
FNH:0
FNDA:0,(anonymous_0)
FNDA:0,(anonymous_1)
FNDA:0,(anonymous_2)
FNDA:0,(anonymous_3)
FNDA:0,(anonymous_4)
DA:1,1
DA:2,1
DA:3,1
DA:7,1
DA:8,1
DA:10,1
DA:12,1
DA:13,0
DA:14,0
DA:20,0
DA:27,0
DA:33,1
DA:34,0
DA:35,0
DA:36,0
DA:44,0
DA:50,1
DA:51,0
DA:52,0
DA:56,0
DA:58,0
DA:64,1
DA:65,0
DA:66,0
DA:67,0
DA:69,0
DA:75,1
DA:76,0
DA:77,0
DA:78,0
DA:82,0
DA:84,0
DA:90,1
LF:33
LH:12
BRF:0
BRH:0
end_of_record
TN:
SF:routes\tax.js
FN:9,(anonymous_0)
FN:34,(anonymous_1)
FN:45,(anonymous_2)
FN:59,(anonymous_3)
FN:70,(anonymous_4)
FNF:5
FNH:0
FNDA:0,(anonymous_0)
FNDA:0,(anonymous_1)
FNDA:0,(anonymous_2)
FNDA:0,(anonymous_3)
FNDA:0,(anonymous_4)
DA:1,1
DA:2,1
DA:3,1
DA:4,1
DA:5,1
DA:7,1
DA:9,1
DA:10,0
DA:11,0
DA:19,0
DA:28,0
DA:34,1
DA:35,0
DA:36,0
DA:37,0
DA:39,0
DA:45,1
DA:46,0
DA:47,0
DA:51,0
DA:53,0
DA:59,1
DA:60,0
DA:61,0
DA:62,0
DA:64,0
DA:70,1
DA:71,0
DA:72,0
DA:73,0
DA:77,0
DA:79,0
DA:85,1
LF:33
LH:12
BRF:0
BRH:0
end_of_record
